<?xml version="1.0" encoding="utf-8"?><testsuites name="pytest tests"><testsuite name="pytest" errors="1" failures="8" skipped="0" tests="26" time="397.574" timestamp="2026-08-04T20:30:29.595485+08:00" hostname="LAPTOP-9BVESBVC"><testcase classname="suites.test_01_mcp_protocol.TestMcpProtocol" name="test_initialize_handshake" time="0.028" /><testcase classname="suites.test_01_mcp_protocol.TestMcpProtocol" name="test_tools_list_count" time="0.001" /><testcase classname="suites.test_01_mcp_protocol.TestMcpProtocol" name="test_tools_list_schema" time="0.001" /><testcase classname="suites.test_01_mcp_protocol.TestMcpProtocol" name="test_ping" time="0.002" /><testcase classname="suites.test_01_mcp_protocol.TestMcpProtocol" name="test_unknown_tool_returns_error" time="0.002" /><testcase classname="suites.test_01_mcp_protocol.TestMcpProtocol" name="test_tool_names_contain_core_tools" time="0.001" /><testcase classname="suites.test_01_mcp_protocol.TestMcpProtocol" name="test_tool_names_contain_batch_a_tools" time="0.001" /><testcase classname="suites.test_01_mcp_protocol.TestMcpProtocol" name="test_tool_names_contain_batch_b_tools" time="0.001" /><testcase classname="suites.test_01_mcp_protocol.TestMcpProtocol" name="test_total_tool_count" time="0.002"><failure message="AssertionError: Expected 61 tools, got 63. New tools may have been added — update this test.&#10;assert 63 == 61&#10; +  where 63 = len([{'description': 'List connected devices. Call this first to discover available devices and their IDs before starting a capture.', 'inputSchema': {'properties': {'includeSimulationDevices': {'description': 'Whether to include simulation/demo devices', 'type': 'boolean'}}, 'type': 'object'}, 'name': 'get_devices'}, {'description': &quot;Start a new capture. Typical workflow: 1) get_devices to find device ID, 2) add_analyzer to add decoders (recommended BEFORE capture so auto-decode works), 3) start_capture with device/channel config, 4) wait_capture to wait for completion, 5) get_analyzer_results to read decoded data. NOTE: In Stream mode (channelMode='Stream'), captureConfiguration.timedCaptureMode.durationSeconds and manualCaptureMode.sampleCount are IGNORED \u2014 stream mode uses continuous acquisition with no sample limit. Use stop_capture to end streaming.&quot;, 'inputSchema': {'properties': {'captureConfiguration': {'description': 'Capture mode configuration', 'properties': {'captureRatio': {'description': 'Trigger position as percentage (0-100). 0=trigger at start, 100=trigger at end. Alternative to afterTriggerSeconds.', 'type': 'integer'}, 'digitalCaptureMode': {'description': 'Digital trigger capture mode', 'properties': {'afterTriggerSeconds': {'description': 'Post-trigger buffer duration in seconds', 'type': 'number'}, 'linkedChannels': {'description': 'Additional channels with required state for trigger', 'items': {'properties': {'channelIndex': {'description': 'Digital channel index', 'type': 'integer'}, 'state': {'description': 'Required state: high or low', 'enum': ['high', 'low'], 'type': 'string'}}, 'type': 'object'}, 'type': 'array'}, 'maxPulseWidthSeconds': {'description': 'Maximum pulse width for pulse trigger in seconds', 'type': 'number'}, 'minPulseWidthSeconds': {'description': 'Minimum pulse width for pulse trigger in seconds', 'type': 'number'}, 'triggerChannelIndex': {'description': 'Digital channel index for trigger (must be enabled)', 'type': 'integer'}, 'triggerType': {'description': 'Trigger type: rising, falling, pulse_high, pulse_low', 'enum': ['rising', 'falling', 'pulse_high', 'pulse_low'], 'type': 'string'}}, 'type': 'object'}, 'manualCaptureMode': {'properties': {'sampleCount': {'description': 'Number of samples to capture (ignored in Stream mode)', 'type': 'integer'}}, 'type': 'object'}, 'repeatIntervalSeconds': {'description': 'Time between repeat captures in seconds. Only used with repeat capture mode. Default: 0.1', 'type': 'number'}, 'timedCaptureMode': {'properties': {'durationSeconds': {'description': 'Capture duration in seconds (ignored in Stream mode)', 'type': 'number'}}, 'type': 'object'}}, 'type': 'object'}, 'deviceId': {'description': 'Device ID to use for capture', 'type': 'string'}, 'logicDeviceConfiguration': {'description': 'Logic device configuration', 'properties': {'analogChannels': {'description': 'Analog channel indices to enable', 'items': {'type': 'integer'}, 'type': 'array'}, 'analogSampleRate': {'description': 'Analog sample rate in Hz', 'type': 'integer'}, 'bufferOptions': {'description': 'Buffer configuration options. Device-specific.', 'type': 'string'}, 'channelMode': {'description': 'Channel mode (e.g. Buffer, Stream). Device-specific.', 'type': 'string'}, 'digitalChannels': {'description': 'Digital channel indices to enable', 'items': {'type': 'integer'}, 'type': 'array'}, 'digitalFilter': {'description': 'Digital filter mode. Device-specific.', 'type': 'string'}, 'digitalSampleRate': {'description': 'Digital sample rate in Hz', 'type': 'integer'}, 'digitalThresholdVolts': {'description': 'Digital threshold voltage', 'type': 'number'}, 'diskCacheEnabled': {'description': 'Enable disk cache for long captures', 'type': 'boolean'}, 'diskCachePath': {'description': 'Custom disk cache directory path', 'type': 'string'}, 'glitchFilters': {'description': 'Glitch filter configurations', 'items': {'properties': {'channelIndex': {'description': 'Digital channel index to apply filter', 'type': 'integer'}, 'threshold': {'description': 'Minimum pulse width in samples to filter out', 'type': 'number'}}, 'type': 'object'}, 'type': 'array'}, 'operationMode': {'description': 'Device operation mode (e.g. Buffer, Stream, Internal test). Device-specific.', 'type': 'string'}, 'rleEnabled': {'description': 'Enable RLE (Run-Length Encoding) compression', 'type': 'boolean'}, 'streamBufferSizeGB': {'description': 'Disk stream buffer size in GB (1-1024). Used when diskCacheEnabled=true.', 'type': 'number'}, 'streamMemBufferSizeGB': {'description': 'Memory stream buffer size in GB (1-64). Used when diskCacheEnabled=false.', 'type': 'number'}, 'thresholdPreset': {'description': 'Threshold preset name (e.g. 1.8V, 3.3V, 5V, Adjustable). Some devices only support presets, not custom voltage.', 'type': 'string'}}, 'type': 'object'}}, 'type': 'object'}, 'name': 'start_capture'}, {'description': 'Stop the active capture. Use this to abort a capture that is in progress.', 'inputSchema': {'properties': {}, 'type': 'object'}, 'name': 'stop_capture'}, {'description': 'Wait for the current capture to complete. This call blocks until the capture finishes or times out. Call this after start_capture. May take minutes for long captures \u2014 set timeoutSeconds accordingly.', 'inputSchema': {'properties': {'timeoutSeconds': {'default': 300, 'description': 'Maximum time to wait in seconds', 'type': 'number'}}, 'type': 'object'}, 'name': 'wait_capture'}, {'description': 'Load a capture from a .pxc session file. Use this to analyze previously saved captures.', 'inputSchema': {'properties': {'filepath': {'description': 'Path to the capture file to load', 'type': 'string'}}, 'required': ['filepath'], 'type': 'object'}, 'name': 'load_capture'}, {'description': 'Save the current capture to a .pxc session file. Requires an active or completed capture.', 'inputSchema': {'properties': {'filepath': {'description': 'Path to save the capture file', 'type': 'string'}}, 'required': ['filepath'], 'type': 'object'}, 'name': 'save_capture'}, {'description': 'Close the current capture and free resources. Call this after you are done analyzing the data.', 'inputSchema': {'properties': {}, 'type': 'object'}, 'name': 'close_capture'}, {'description': &quot;Add a protocol analyzer/decoder. Best called BEFORE start_capture so auto-decode triggers on capture completion. Use list_analyzers to discover available decoders, get_analyzer_options to see required channels/options. Use stackOnAnalyzerId to stack decoders (e.g. i2c_c -&gt; eeprom24c). Returns an analyzerId in the format '&lt;handle_id&gt;:&lt;version&gt;' that is stable across the stack's lifetime and used by get_analyzer_results / remove_analyzer / export_analyzer_table.&quot;, 'inputSchema': {'properties': {'analyzerLabel': {'description': 'Custom label for the analyzer instance', 'type': 'string'}, 'analyzerName': {'description': &quot;Name/ID of the analyzer to add (e.g. 'spi', 'i2c', 'uart')&quot;, 'type': 'string'}, 'deviceId': {'description': &quot;Optional device ID. If the active session has no device connected yet (typical in headless mode), pass this to connect the device before adding the analyzer. Same as start_capture's deviceId.&quot;, 'type': 'string'}, 'settings': {'description': 'Analyzer-specific settings (channel map, options, etc.)', 'type': 'object'}, 'stackOnAnalyzerId': {'description': &quot;Decoder instance identifier in the format '&lt;handle_id&gt;:&lt;version&gt;', returned by add_analyzer. Stable across the stack's lifetime; becomes invalid after the stack is destroyed/rebuilt. ID of an existing analyzer to stack this decoder on top of (for stacked/hierarchical decoding)&quot;, 'type': 'string'}}, 'required': ['analyzerName'], 'type': 'object'}, 'name': 'add_analyzer'}, {'description': 'Remove a protocol analyzer. Use the analyzerId returned by add_analyzer.', 'inputSchema': {'properties': {'analyzerId': {'description': &quot;Decoder instance identifier in the format '&lt;handle_id&gt;:&lt;version&gt;', returned by add_analyzer. Stable across the stack's lifetime; becomes invalid after the stack is destroyed/rebuilt.&quot;, 'type': 'string'}}, 'required': ['analyzerId'], 'type': 'object'}, 'name': 'remove_analyzer'}, {'description': 'List all available protocol analyzers/decoders. Returns analyzer ID, name, description, and channel counts. Use get_analyzer_options to get detailed option/channel info for a specific analyzer.', 'inputSchema': {'properties': {}, 'type': 'object'}, 'name': 'list_analyzers'}, {'description': 'Get the channel and option requirements for a protocol analyzer. Use this before add_analyzer to discover required/optional channels and configurable options.', 'inputSchema': {'properties': {'analyzerName': {'description': &quot;Name/ID of the analyzer (e.g. 'spi', 'i2c', 'uart')&quot;, 'type': 'string'}}, 'required': ['analyzerName'], 'type': 'object'}, 'name': 'get_analyzer_options'}, {'description': 'Export raw capture data as CSV files. Requires a completed capture. Use after wait_capture.', 'inputSchema': {'properties': {'analogChannels': {'description': 'Analog channel indices to export', 'items': {'type': 'integer'}, 'type': 'array'}, 'analogDownsampleRatio': {'default': 1, 'description': 'Downsample ratio for analog channels', 'type': 'integer'}, 'digitalChannels': {'description': 'Digital channel indices to export', 'items': {'type': 'integer'}, 'type': 'array'}, 'directory': {'description': 'Output directory for CSV files', 'type': 'string'}, 'iso8601Timestamp': {'default': False, 'description': 'Use ISO 8601 timestamp format', 'type': 'boolean'}}, 'required': ['directory'], 'type': 'object'}, 'name': 'export_raw_data_csv'}, {'description': 'Export raw capture data as binary files. Requires a completed capture. Use after wait_capture.', 'inputSchema': {'properties': {'analogChannels': {'description': 'Analog channel indices to export', 'items': {'type': 'integer'}, 'type': 'array'}, 'analogDownsampleRatio': {'default': 1, 'description': 'Downsample ratio for analog channels', 'type': 'integer'}, 'digitalChannels': {'description': 'Digital channel indices to export', 'items': {'type': 'integer'}, 'type': 'array'}, 'directory': {'description': 'Output directory for binary files', 'type': 'string'}}, 'required': ['directory'], 'type': 'object'}, 'name': 'export_raw_data_binary'}, {'description': 'Export analyzer results as a CSV data table. Requires a completed capture with analyzer results. Use get_analyzer_results first to verify data exists.', 'inputSchema': {'properties': {'analyzers': {'description': 'Analyzers to export with their settings', 'items': {'properties': {'analyzerId': {'description': &quot;Decoder instance identifier in the format '&lt;handle_id&gt;:&lt;version&gt;', returned by add_analyzer. Stable across the stack's lifetime; becomes invalid after the stack is destroyed/rebuilt.&quot;, 'type': 'string'}, 'radixType': {'description': 'Radix type: 1=Binary, 2=Decimal, 3=Hex, 4=Ascii', 'type': 'integer'}}, 'type': 'object'}, 'type': 'array'}, 'filepath': {'description': 'Output CSV file path', 'type': 'string'}, 'iso8601Timestamp': {'default': False, 'description': 'Use ISO 8601 timestamp format', 'type': 'boolean'}}, 'required': ['filepath'], 'type': 'object'}, 'name': 'export_data_table_csv'}, {'description': 'Get the current capture status and progress. Use this to check if capture is idle, capturing, or completed.', 'inputSchema': {'properties': {}, 'type': 'object'}, 'name': 'get_capture_status'}, {'description': 'Get the list of channels for the current device. Call this to discover available channel indices before configuring start_capture.', 'inputSchema': {'properties': {}, 'type': 'object'}, 'name': 'get_channels'}, {'description': 'Get protocol analyzer decoded annotations/results. Call after wait_capture completes and decoding finishes. Use the analyzerId returned by add_analyzer.', 'inputSchema': {'properties': {'analyzerId': {'description': &quot;Decoder instance identifier in the format '&lt;handle_id&gt;:&lt;version&gt;', returned by add_analyzer. Stable across the stack's lifetime; becomes invalid after the stack is destroyed/rebuilt.&quot;, 'type': 'string'}, 'endSample': {'description': 'End sample for filtering results', 'type': 'integer'}, 'maxCount': {'default': 1000, 'description': 'Maximum number of annotations to return', 'type': 'integer'}, 'startSample': {'description': 'Start sample for filtering results', 'type': 'integer'}}, 'required': ['analyzerId'], 'type': 'object'}, 'name': 'get_analyzer_results'}, {'description': &quot;Get trigger configuration. Returns logic trigger config (stage_count + config_json) or DSO trigger config (source/slope/horiz_pos/holdoff/margin/channel) depending on 'mode' parameter or the active work mode.&quot;, 'inputSchema': {'properties': {'mode': {'description': &quot;Trigger config mode: 'logic' or 'dso'. If omitted, uses the active work mode.&quot;, 'enum': ['logic', 'dso'], 'type': 'string'}}, 'type': 'object'}, 'name': 'get_trigger_config'}, {'description': &quot;Set trigger configuration. Pass mode='logic' to set logic trigger (stage_count + optional config_json), or mode='dso' to set DSO trigger (source/slope/horiz_pos/holdoff/margin/channel).&quot;, 'inputSchema': {'properties': {'channel': {'description': &quot;DSO trigger channel index (mode='dso' only)&quot;, 'type': 'integer'}, 'configJson': {'description': &quot;Logic trigger configuration JSON (mode='logic' only)&quot;, 'type': 'string'}, 'holdoff': {'description': &quot;DSO trigger holdoff (mode='dso' only)&quot;, 'type': 'number'}, 'horizPos': {'description': &quot;DSO trigger horizontal position (mode='dso' only)&quot;, 'type': 'number'}, 'margin': {'description': &quot;DSO trigger margin (mode='dso' only)&quot;, 'type': 'number'}, 'mode': {'description': &quot;Trigger config mode: 'logic' or 'dso'&quot;, 'enum': ['logic', 'dso'], 'type': 'string'}, 'slope': {'description': &quot;DSO trigger slope (mode='dso' only). 0=Rising, 1=Falling&quot;, 'type': 'integer'}, 'source': {'description': &quot;DSO trigger source (mode='dso' only). 0=Auto, 1=Ch0, 2=Ch1, 3=Ch0AndCh1, 4=Ch0OrCh1&quot;, 'type': 'integer'}, 'stageCount': {'description': &quot;Logic trigger stage count (mode='logic' only)&quot;, 'type': 'integer'}}, 'required': ['mode'], 'type': 'object'}, 'name': 'set_trigger_config'}, {'description': 'Get probe configuration for a channel (vdiv/coupling/vfactor/map_default). Only meaningful for analog/DSO channels.', 'inputSchema': {'properties': {'channelIndex': {'description': 'Channel index', 'type': 'integer'}}, 'required': ['channelIndex'], 'type': 'object'}, 'name': 'get_probe_config'}, {'description': 'Set probe configuration for a channel. At least one of vdiv/coupling/vfactor/map_default should be provided; omitted fields retain current values where supported.', 'inputSchema': {'properties': {'channelIndex': {'description': 'Channel index', 'type': 'integer'}, 'coupling': {'description': 'Coupling: 0=AC, 1=DC', 'type': 'integer'}, 'mapDefault': {'description': 'Whether to use default probe mapping', 'type': 'boolean'}, 'vdiv': {'description': 'Volts per division', 'type': 'number'}, 'vfactor': {'description': 'Probe voltage factor (e.g. 1.0 for 1x, 10.0 for 10x)', 'type': 'number'}}, 'required': ['channelIndex'], 'type': 'object'}, 'name': 'set_probe_config'}, {'description': 'Enable or disable a channel by index.', 'inputSchema': {'properties': {'channelIndex': {'description': 'Channel index', 'type': 'integer'}, 'enabled': {'description': 'True to enable, false to disable', 'type': 'boolean'}}, 'required': ['channelIndex', 'enabled'], 'type': 'object'}, 'name': 'set_channel_enabled'}, {'description': 'Rename a channel by index.', 'inputSchema': {'properties': {'channelIndex': {'description': 'Channel index', 'type': 'integer'}, 'name': {'description': 'New channel name', 'type': 'string'}}, 'required': ['channelIndex', 'name'], 'type': 'object'}, 'name': 'set_channel_name'}, {'description': 'Get the full sample configuration (sample_rate, sample_limit, time_base, collect_mode, stream_mode, rle_enabled, repeat_interval, repeat_hold_percent).', 'inputSchema': {'properties': {}, 'type': 'object'}, 'name': 'get_sample_config'}, {'description': 'Set the sample rate in Hz.', 'inputSchema': {'properties': {'rate': {'description': 'Sample rate in Hz', 'type': 'integer'}}, 'required': ['rate'], 'type': 'object'}, 'name': 'set_sample_rate'}, {'description': 'Set the sample limit (number of samples to capture).', 'inputSchema': {'properties': {'limit': {'description': 'Sample limit (number of samples)', 'type': 'integer'}}, 'required': ['limit'], 'type': 'object'}, 'name': 'set_sample_limit'}, {'description': 'Set the time base in nanoseconds.', 'inputSchema': {'properties': {'timeBase': {'description': 'Time base in nanoseconds', 'type': 'integer'}}, 'required': ['timeBase'], 'type': 'object'}, 'name': 'set_time_base'}, {'description': &quot;Set the collect mode: 'single' (one-shot), 'repetitive' (repeat with interval), or 'loop' (continuous loop).&quot;, 'inputSchema': {'properties': {'mode': {'description': 'Collect mode', 'enum': ['single', 'repetitive', 'loop'], 'type': 'string'}}, 'required': ['mode'], 'type': 'object'}, 'name': 'set_collect_mode'}, {'description': &quot;Set the repeat interval in milliseconds. Only used when collect mode is 'repetitive'.&quot;, 'inputSchema': {'properties': {'intervalMs': {'description': 'Repeat interval in milliseconds', 'type': 'integer'}}, 'required': ['intervalMs'], 'type': 'object'}, 'name': 'set_repeat_interval'}, {'description': 'Read logic (digital) samples for a channel. Returns base64-encoded bytes (one byte per sample, 0 or 1). Use startSample/endSample to page through long captures.', 'inputSchema': {'properties': {'channelIndex': {'description': 'Digital channel index', 'type': 'integer'}, 'endSample': {'description': 'End sample index (inclusive). Omit or pass -1 for end-of-capture.', 'type': 'integer'}, 'startSample': {'default': 0, 'description': 'Start sample index (default 0)', 'type': 'integer'}}, 'required': ['channelIndex'], 'type': 'object'}, 'name': 'get_logic_samples'}, {'description': 'Read analog samples for a channel. Returns an array of float values normalized to [0, 1].', 'inputSchema': {'properties': {'channelIndex': {'description': 'Analog channel index', 'type': 'integer'}, 'endSample': {'description': 'End sample index (inclusive). Omit or pass -1 for end-of-capture.', 'type': 'integer'}, 'startSample': {'default': 0, 'description': 'Start sample index (default 0)', 'type': 'integer'}}, 'required': ['channelIndex'], 'type': 'object'}, 'name': 'get_analog_samples'}, {'description': 'Read DSO (oscilloscope) samples for a channel. Returns an array of float values (volts).', 'inputSchema': {'properties': {'channelIndex': {'description': 'DSO channel index', 'type': 'integer'}, 'endSample': {'description': 'End sample index (inclusive). Omit or pass -1 for end-of-capture.', 'type': 'integer'}, 'startSample': {'default': 0, 'description': 'Start sample index (default 0)', 'type': 'integer'}}, 'required': ['channelIndex'], 'type': 'object'}, 'name': 'get_dso_samples'}, {'description': 'Find the next logic edge on a channel starting from a sample index. Returns the sample index of the next rising or falling edge.', 'inputSchema': {'properties': {'channelIndex': {'description': 'Digital channel index', 'type': 'integer'}, 'direction': {'default': 'forward', 'description': &quot;Edge direction: 'forward' (rising) or 'falling'&quot;, 'enum': ['forward', 'falling'], 'type': 'string'}, 'startSample': {'description': 'Sample index to start searching from', 'type': 'integer'}}, 'required': ['channelIndex', 'startSample'], 'type': 'object'}, 'name': 'find_next_edge'}, {'description': &quot;Search for a bit pattern on a logic channel starting from a sample index. Pattern is a binary string of '0'/'1'/'x' (x=don't care). NOTE: current implementation only uses the first channel in the 'channels' array (multi-channel pattern search is a TODO).&quot;, 'inputSchema': {'properties': {'channels': {'description': 'Channel indices to search (currently only the first is used)', 'items': {'type': 'integer'}, 'type': 'array'}, 'options': {'description': 'Optional search options (reserved for future use)', 'type': 'object'}, 'pattern': {'description': &quot;Pattern string using '0', '1', 'x' (x=don't care)&quot;, 'type': 'string'}, 'startSample': {'description': 'Sample index to start searching from', 'type': 'integer'}}, 'required': ['channels', 'pattern', 'startSample'], 'type': 'object'}, 'name': 'find_pattern'}, {'description': 'List all currently active decoder instances (instance_id, decoder_id, display_name, row_index, is_running, progress).', 'inputSchema': {'properties': {}, 'type': 'object'}, 'name': 'get_active_decoders'}, {'description': 'Remove all active decoder instances.', 'inputSchema': {'properties': {}, 'type': 'object'}, 'name': 'clear_all_decoders'}, {'description': 'List all sessions (id + device/file summary). Use to manage multiple sessions.', 'inputSchema': {'properties': {}, 'type': 'object'}, 'name': 'list_sessions'}, {'description': 'Create a new session. Optionally bind to a device (deviceId) or load a file (filePath). Returns the new session id.', 'inputSchema': {'properties': {'deviceId': {'description': 'Optional device id to bind', 'type': 'string'}, 'filePath': {'description': 'Optional .pxc file path to load', 'type': 'string'}, 'name': {'description': 'Optional session name (display only)', 'type': 'string'}}, 'type': 'object'}, 'name': 'create_session'}, {'description': 'Destroy a session by id. If the session is active, the active session becomes none.', 'inputSchema': {'properties': {'sessionId': {'description': 'Session id returned by create_session / list_sessions', 'type': 'integer'}}, 'required': ['sessionId'], 'type': 'object'}, 'name': 'destroy_session'}, {'description': 'Switch the active session. Subsequent MCP calls operate on the active session.', 'inputSchema': {'properties': {'sessionId': {'description': 'Session id to make active', 'type': 'integer'}}, 'required': ['sessionId'], 'type': 'object'}, 'name': 'set_active_session'}, {'description': 'Return the current number of sessions.', 'inputSchema': {'properties': {}, 'type': 'object'}, 'name': 'get_session_count'}, {'description': 'Connect to a device by id (as returned by get_devices). Creates a new session bound to that device if no session exists.', 'inputSchema': {'properties': {'deviceId': {'description': 'Device id from get_devices', 'type': 'string'}}, 'required': ['deviceId'], 'type': 'object'}, 'name': 'connect_device'}, {'description': 'Disconnect the active device (or a specific device by id).', 'inputSchema': {'properties': {'deviceId': {'description': 'Device id to disconnect. If omitted, disconnects the active device.', 'type': 'string'}}, 'type': 'object'}, 'name': 'disconnect_device'}, {'description': &quot;Read a generic SR_CONF_* config value by key. The 'type' field selects how to interpret the value. NOTE: 'int64' currently maps to int32 (no int64 getter exists yet).&quot;, 'inputSchema': {'properties': {'key': {'description': 'SR_CONF_* config key', 'type': 'integer'}, 'type': {'description': 'Value type', 'enum': ['int', 'double', 'string', 'bool', 'int64', 'uint64'], 'type': 'string'}}, 'required': ['key', 'type'], 'type': 'object'}, 'name': 'get_config'}, {'description': &quot;Write a generic SR_CONF_* config value by key. The 'type' field selects how to interpret 'value'. NOTE: 'int64' currently maps to int32 (no int64 setter exists yet).&quot;, 'inputSchema': {'properties': {'key': {'description': 'SR_CONF_* config key', 'type': 'integer'}, 'type': {'description': 'Value type', 'enum': ['int', 'double', 'string', 'bool', 'int64', 'uint64'], 'type': 'string'}, 'value': {'description': &quot;Value to set (interpreted according to 'type')&quot;}}, 'required': ['key', 'type', 'value'], 'type': 'object'}, 'name': 'set_config'}, {'description': &quot;Enable glitch filter on channels with a minimum pulse-width threshold (in samples). Use 'channels' + 'threshold' (applies to all) or per-channel 'thresholds' + 'modes'.&quot;, 'inputSchema': {'properties': {'channels': {'description': 'Digital channel indices to filter', 'items': {'type': 'integer'}, 'type': 'array'}, 'modes': {'description': 'Per-channel filter modes: 0=Both, 1=High, 2=Low (parallel to channels)', 'items': {'type': 'integer'}, 'type': 'array'}, 'threshold': {'description': 'Minimum pulse width in samples (applied to all channels)', 'type': 'integer'}, 'thresholds': {'description': 'Per-channel thresholds (parallel to channels)', 'items': {'type': 'integer'}, 'type': 'array'}}, 'required': ['channels'], 'type': 'object'}, 'name': 'set_glitch_filter'}, {'description': &quot;Clear glitch filter. NOTE: currently clears all channels (the optional 'channels' parameter is ignored).&quot;, 'inputSchema': {'properties': {'channels': {'description': 'Optional channel indices (currently ignored \u2014 clears all)', 'items': {'type': 'integer'}, 'type': 'array'}}, 'type': 'object'}, 'name': 'clear_glitch_filter'}, {'description': 'Get current glitch filter configuration (channels, thresholds, modes).', 'inputSchema': {'properties': {}, 'type': 'object'}, 'name': 'get_glitch_filter_config'}, {'description': &quot;Enable signal invert on channels. 'channels' is the list of channel indices to invert.&quot;, 'inputSchema': {'properties': {'channels': {'description': 'Channel indices to invert', 'items': {'type': 'integer'}, 'type': 'array'}}, 'required': ['channels'], 'type': 'object'}, 'name': 'set_signal_invert'}, {'description': &quot;Clear signal invert. NOTE: currently clears all channels (the optional 'channels' parameter is ignored).&quot;, 'inputSchema': {'properties': {'channels': {'description': 'Optional channel indices (currently ignored \u2014 clears all)', 'items': {'type': 'integer'}, 'type': 'array'}}, 'type': 'object'}, 'name': 'clear_signal_invert'}, {'description': &quot;Get current signal invert configuration (channels + invert_states). NOTE: per-channel detail requires extending SigSession's public API \u2014 currently only the active state is reported.&quot;, 'inputSchema': {'properties': {}, 'type': 'object'}, 'name': 'get_signal_invert_config'}, {'description': 'Get repeat/collect mode status (is_single_mode, is_repeat_mode, is_loop_mode, repeat_interval, repeat_hold_percent).', 'inputSchema': {'properties': {}, 'type': 'object'}, 'name': 'get_repeat_status'}, {'description': &quot;Get disk cache info (enabled, write_speed_mbps, write_queue_depth, is_disk_full). NOTE: 'total_blocks_written' is a TODO \u2014 not yet exposed by SessionService.&quot;, 'inputSchema': {'properties': {}, 'type': 'object'}, 'name': 'get_disk_cache_info'}, {'description': 'Trigger a hot-plug rescan of all drivers and return the updated device list. Use this when a device was connected/disconnected after PXView started. Returns the same DeviceInfo array as get_devices.', 'inputSchema': {'properties': {}, 'type': 'object'}, 'name': 'refresh_device_list'}, {'description': 'Set the save range (in samples) used by export/save operations. startSample must be less than endSample. Both are absolute sample indices into the current capture.', 'inputSchema': {'properties': {'endSample': {'description': 'End sample index (inclusive)', 'type': 'integer'}, 'startSample': {'description': 'Start sample index (inclusive)', 'type': 'integer'}}, 'required': ['startSample', 'endSample'], 'type': 'object'}, 'name': 'set_save_range'}, {'description': &quot;Reconfigure an existing decoder's options and channel_map in place (no remove + re-add). Triggers a re-decode of the affected stack. Use the analyzerId returned by add_analyzer.&quot;, 'inputSchema': {'properties': {'analyzerId': {'description': &quot;Decoder instance identifier in the format '&lt;handle_id&gt;:&lt;version&gt;', returned by add_analyzer. Stable across the stack's lifetime; becomes invalid after the stack is destroyed/rebuilt.&quot;, 'type': 'string'}, 'channelMap': {'additionalProperties': {'type': 'integer'}, 'description': 'Channel mapping (decoder channel id -&gt; device channel index). Omitted keys retain their current mapping.', 'type': 'object'}, 'options': {'additionalProperties': {'type': 'string'}, 'description': 'Decoder option values (string -&gt; string). Omitted keys retain their current values.', 'type': 'object'}}, 'required': ['analyzerId'], 'type': 'object'}, 'name': 'reconfigure_decoder'}, {'description': &quot;Return the annotation class names declared by a decoder (the __annotations__ metadata). class_id is the index into the decoder's annotations list and matches the ann_class field of get_analyzer_results annotations. Use this to translate numeric ann_class values to human-readable names.&quot;, 'inputSchema': {'properties': {'analyzerName': {'description': &quot;Decoder id/name (e.g. 'spi', 'i2c', 'uart') \u2014 same as add_analyzer's analyzerName&quot;, 'type': 'string'}}, 'required': ['analyzerName'], 'type': 'object'}, 'name': 'get_decoder_class_names'}, {'description': &quot;Read a decoder's binary output stream. output_id selects which binary output class to read. NOTE: current implementation returns ConfigNotSupported because DecoderStack does not register binary output callbacks \u2014 this is a data-layer TODO.&quot;, 'inputSchema': {'properties': {'analyzerId': {'description': &quot;Decoder instance identifier in the format '&lt;handle_id&gt;:&lt;version&gt;', returned by add_analyzer.&quot;, 'type': 'string'}, 'outputId': {'description': 'Binary output class id (matches srd_decoder_binary::bin_class)', 'type': 'integer'}}, 'required': ['analyzerId', 'outputId'], 'type': 'object'}, 'name': 'get_decoder_binary_output'}, {'description': 'Read computed math trace results (ch1_index, ch2_index, math_type, sample_num, samples). math_type: 0=ADD, 1=SUB, 2=MUL, 3=DIV. Returns is_enabled=false when math trace has not been enabled. samples is empty when no data has been computed yet.', 'inputSchema': {'properties': {}, 'type': 'object'}, 'name': 'get_math_results'}, {'description': 'Read computed FFT spectrum results (channel_index, windows_index, dc_ignored, sample_interval, spectrum). Returns is_enabled=false when spectrum trace has not been enabled. spectrum is empty when no data has been computed yet.', 'inputSchema': {'properties': {}, 'type': 'object'}, 'name': 'get_spectrum_results'}, {'description': 'Read Lissajous trace configuration (x_index, y_index, percent). Returns is_enabled=false when Lissajous trace has not been enabled. Note: the actual XY sample rendering is a View-layer concern, so this returns only configuration, not rendered samples.', 'inputSchema': {'properties': {}, 'type': 'object'}, 'name': 'get_lissajous_results'}, {'description': 'Read the session error state (has_error, error_code, error_pattern, error_message). error_code mirrors SigSession::SESSION_ERROR_STATUS (0=No_err, 1=Hw_err, 2=Malloc_err, 3=Test_timeout_err, 4=Pkt_data_err, 5=Data_overflow). error_pattern is a bitmask of error conditions accumulated since last clear.', 'inputSchema': {'properties': {}, 'type': 'object'}, 'name': 'get_error_state'}, {'description': 'Clear the session error state (resets error_code to 0, error_pattern to 0, error_message to empty). Use after handling a previously reported error to allow subsequent captures to be checked cleanly.', 'inputSchema': {'properties': {}, 'type': 'object'}, 'name': 'clear_error_state'}])&#10; +    where [{'description': 'List connected devices. Call this first to discover available devices and their IDs before starting a capture.', 'inputSchema': {'properties': {'includeSimulationDevices': {'description': 'Whether to include simulation/demo devices', 'type': 'boolean'}}, 'type': 'object'}, 'name': 'get_devices'}, {'description': &quot;Start a new capture. Typical workflow: 1) get_devices to find device ID, 2) add_analyzer to add decoders (recommended BEFORE capture so auto-decode works), 3) start_capture with device/channel config, 4) wait_capture to wait for completion, 5) get_analyzer_results to read decoded data. NOTE: In Stream mode (channelMode='Stream'), captureConfiguration.timedCaptureMode.durationSeconds and manualCaptureMode.sampleCount are IGNORED \u2014 stream mode uses continuous acquisition with no sample limit. Use stop_capture to end streaming.&quot;, 'inputSchema': {'properties': {'captureConfiguration': {'description': 'Capture mode configuration', 'properties': {'captureRatio': {'description': 'Trigger position as percentage (0-100). 0=trigger at start, 100=trigger at end. Alternative to afterTriggerSeconds.', 'type': 'integer'}, 'digitalCaptureMode': {'description': 'Digital trigger capture mode', 'properties': {'afterTriggerSeconds': {'description': 'Post-trigger buffer duration in seconds', 'type': 'number'}, 'linkedChannels': {'description': 'Additional channels with required state for trigger', 'items': {'properties': {'channelIndex': {'description': 'Digital channel index', 'type': 'integer'}, 'state': {'description': 'Required state: high or low', 'enum': ['high', 'low'], 'type': 'string'}}, 'type': 'object'}, 'type': 'array'}, 'maxPulseWidthSeconds': {'description': 'Maximum pulse width for pulse trigger in seconds', 'type': 'number'}, 'minPulseWidthSeconds': {'description': 'Minimum pulse width for pulse trigger in seconds', 'type': 'number'}, 'triggerChannelIndex': {'description': 'Digital channel index for trigger (must be enabled)', 'type': 'integer'}, 'triggerType': {'description': 'Trigger type: rising, falling, pulse_high, pulse_low', 'enum': ['rising', 'falling', 'pulse_high', 'pulse_low'], 'type': 'string'}}, 'type': 'object'}, 'manualCaptureMode': {'properties': {'sampleCount': {'description': 'Number of samples to capture (ignored in Stream mode)', 'type': 'integer'}}, 'type': 'object'}, 'repeatIntervalSeconds': {'description': 'Time between repeat captures in seconds. Only used with repeat capture mode. Default: 0.1', 'type': 'number'}, 'timedCaptureMode': {'properties': {'durationSeconds': {'description': 'Capture duration in seconds (ignored in Stream mode)', 'type': 'number'}}, 'type': 'object'}}, 'type': 'object'}, 'deviceId': {'description': 'Device ID to use for capture', 'type': 'string'}, 'logicDeviceConfiguration': {'description': 'Logic device configuration', 'properties': {'analogChannels': {'description': 'Analog channel indices to enable', 'items': {'type': 'integer'}, 'type': 'array'}, 'analogSampleRate': {'description': 'Analog sample rate in Hz', 'type': 'integer'}, 'bufferOptions': {'description': 'Buffer configuration options. Device-specific.', 'type': 'string'}, 'channelMode': {'description': 'Channel mode (e.g. Buffer, Stream). Device-specific.', 'type': 'string'}, 'digitalChannels': {'description': 'Digital channel indices to enable', 'items': {'type': 'integer'}, 'type': 'array'}, 'digitalFilter': {'description': 'Digital filter mode. Device-specific.', 'type': 'string'}, 'digitalSampleRate': {'description': 'Digital sample rate in Hz', 'type': 'integer'}, 'digitalThresholdVolts': {'description': 'Digital threshold voltage', 'type': 'number'}, 'diskCacheEnabled': {'description': 'Enable disk cache for long captures', 'type': 'boolean'}, 'diskCachePath': {'description': 'Custom disk cache directory path', 'type': 'string'}, 'glitchFilters': {'description': 'Glitch filter configurations', 'items': {'properties': {'channelIndex': {'description': 'Digital channel index to apply filter', 'type': 'integer'}, 'threshold': {'description': 'Minimum pulse width in samples to filter out', 'type': 'number'}}, 'type': 'object'}, 'type': 'array'}, 'operationMode': {'description': 'Device operation mode (e.g. Buffer, Stream, Internal test). Device-specific.', 'type': 'string'}, 'rleEnabled': {'description': 'Enable RLE (Run-Length Encoding) compression', 'type': 'boolean'}, 'streamBufferSizeGB': {'description': 'Disk stream buffer size in GB (1-1024). Used when diskCacheEnabled=true.', 'type': 'number'}, 'streamMemBufferSizeGB': {'description': 'Memory stream buffer size in GB (1-64). Used when diskCacheEnabled=false.', 'type': 'number'}, 'thresholdPreset': {'description': 'Threshold preset name (e.g. 1.8V, 3.3V, 5V, Adjustable). Some devices only support presets, not custom voltage.', 'type': 'string'}}, 'type': 'object'}}, 'type': 'object'}, 'name': 'start_capture'}, {'description': 'Stop the active capture. Use this to abort a capture that is in progress.', 'inputSchema': {'properties': {}, 'type': 'object'}, 'name': 'stop_capture'}, {'description': 'Wait for the current capture to complete. This call blocks until the capture finishes or times out. Call this after start_capture. May take minutes for long captures \u2014 set timeoutSeconds accordingly.', 'inputSchema': {'properties': {'timeoutSeconds': {'default': 300, 'description': 'Maximum time to wait in seconds', 'type': 'number'}}, 'type': 'object'}, 'name': 'wait_capture'}, {'description': 'Load a capture from a .pxc session file. Use this to analyze previously saved captures.', 'inputSchema': {'properties': {'filepath': {'description': 'Path to the capture file to load', 'type': 'string'}}, 'required': ['filepath'], 'type': 'object'}, 'name': 'load_capture'}, {'description': 'Save the current capture to a .pxc session file. Requires an active or completed capture.', 'inputSchema': {'properties': {'filepath': {'description': 'Path to save the capture file', 'type': 'string'}}, 'required': ['filepath'], 'type': 'object'}, 'name': 'save_capture'}, {'description': 'Close the current capture and free resources. Call this after you are done analyzing the data.', 'inputSchema': {'properties': {}, 'type': 'object'}, 'name': 'close_capture'}, {'description': &quot;Add a protocol analyzer/decoder. Best called BEFORE start_capture so auto-decode triggers on capture completion. Use list_analyzers to discover available decoders, get_analyzer_options to see required channels/options. Use stackOnAnalyzerId to stack decoders (e.g. i2c_c -&gt; eeprom24c). Returns an analyzerId in the format '&lt;handle_id&gt;:&lt;version&gt;' that is stable across the stack's lifetime and used by get_analyzer_results / remove_analyzer / export_analyzer_table.&quot;, 'inputSchema': {'properties': {'analyzerLabel': {'description': 'Custom label for the analyzer instance', 'type': 'string'}, 'analyzerName': {'description': &quot;Name/ID of the analyzer to add (e.g. 'spi', 'i2c', 'uart')&quot;, 'type': 'string'}, 'deviceId': {'description': &quot;Optional device ID. If the active session has no device connected yet (typical in headless mode), pass this to connect the device before adding the analyzer. Same as start_capture's deviceId.&quot;, 'type': 'string'}, 'settings': {'description': 'Analyzer-specific settings (channel map, options, etc.)', 'type': 'object'}, 'stackOnAnalyzerId': {'description': &quot;Decoder instance identifier in the format '&lt;handle_id&gt;:&lt;version&gt;', returned by add_analyzer. Stable across the stack's lifetime; becomes invalid after the stack is destroyed/rebuilt. ID of an existing analyzer to stack this decoder on top of (for stacked/hierarchical decoding)&quot;, 'type': 'string'}}, 'required': ['analyzerName'], 'type': 'object'}, 'name': 'add_analyzer'}, {'description': 'Remove a protocol analyzer. Use the analyzerId returned by add_analyzer.', 'inputSchema': {'properties': {'analyzerId': {'description': &quot;Decoder instance identifier in the format '&lt;handle_id&gt;:&lt;version&gt;', returned by add_analyzer. Stable across the stack's lifetime; becomes invalid after the stack is destroyed/rebuilt.&quot;, 'type': 'string'}}, 'required': ['analyzerId'], 'type': 'object'}, 'name': 'remove_analyzer'}, {'description': 'List all available protocol analyzers/decoders. Returns analyzer ID, name, description, and channel counts. Use get_analyzer_options to get detailed option/channel info for a specific analyzer.', 'inputSchema': {'properties': {}, 'type': 'object'}, 'name': 'list_analyzers'}, {'description': 'Get the channel and option requirements for a protocol analyzer. Use this before add_analyzer to discover required/optional channels and configurable options.', 'inputSchema': {'properties': {'analyzerName': {'description': &quot;Name/ID of the analyzer (e.g. 'spi', 'i2c', 'uart')&quot;, 'type': 'string'}}, 'required': ['analyzerName'], 'type': 'object'}, 'name': 'get_analyzer_options'}, {'description': 'Export raw capture data as CSV files. Requires a completed capture. Use after wait_capture.', 'inputSchema': {'properties': {'analogChannels': {'description': 'Analog channel indices to export', 'items': {'type': 'integer'}, 'type': 'array'}, 'analogDownsampleRatio': {'default': 1, 'description': 'Downsample ratio for analog channels', 'type': 'integer'}, 'digitalChannels': {'description': 'Digital channel indices to export', 'items': {'type': 'integer'}, 'type': 'array'}, 'directory': {'description': 'Output directory for CSV files', 'type': 'string'}, 'iso8601Timestamp': {'default': False, 'description': 'Use ISO 8601 timestamp format', 'type': 'boolean'}}, 'required': ['directory'], 'type': 'object'}, 'name': 'export_raw_data_csv'}, {'description': 'Export raw capture data as binary files. Requires a completed capture. Use after wait_capture.', 'inputSchema': {'properties': {'analogChannels': {'description': 'Analog channel indices to export', 'items': {'type': 'integer'}, 'type': 'array'}, 'analogDownsampleRatio': {'default': 1, 'description': 'Downsample ratio for analog channels', 'type': 'integer'}, 'digitalChannels': {'description': 'Digital channel indices to export', 'items': {'type': 'integer'}, 'type': 'array'}, 'directory': {'description': 'Output directory for binary files', 'type': 'string'}}, 'required': ['directory'], 'type': 'object'}, 'name': 'export_raw_data_binary'}, {'description': 'Export analyzer results as a CSV data table. Requires a completed capture with analyzer results. Use get_analyzer_results first to verify data exists.', 'inputSchema': {'properties': {'analyzers': {'description': 'Analyzers to export with their settings', 'items': {'properties': {'analyzerId': {'description': &quot;Decoder instance identifier in the format '&lt;handle_id&gt;:&lt;version&gt;', returned by add_analyzer. Stable across the stack's lifetime; becomes invalid after the stack is destroyed/rebuilt.&quot;, 'type': 'string'}, 'radixType': {'description': 'Radix type: 1=Binary, 2=Decimal, 3=Hex, 4=Ascii', 'type': 'integer'}}, 'type': 'object'}, 'type': 'array'}, 'filepath': {'description': 'Output CSV file path', 'type': 'string'}, 'iso8601Timestamp': {'default': False, 'description': 'Use ISO 8601 timestamp format', 'type': 'boolean'}}, 'required': ['filepath'], 'type': 'object'}, 'name': 'export_data_table_csv'}, {'description': 'Get the current capture status and progress. Use this to check if capture is idle, capturing, or completed.', 'inputSchema': {'properties': {}, 'type': 'object'}, 'name': 'get_capture_status'}, {'description': 'Get the list of channels for the current device. Call this to discover available channel indices before configuring start_capture.', 'inputSchema': {'properties': {}, 'type': 'object'}, 'name': 'get_channels'}, {'description': 'Get protocol analyzer decoded annotations/results. Call after wait_capture completes and decoding finishes. Use the analyzerId returned by add_analyzer.', 'inputSchema': {'properties': {'analyzerId': {'description': &quot;Decoder instance identifier in the format '&lt;handle_id&gt;:&lt;version&gt;', returned by add_analyzer. Stable across the stack's lifetime; becomes invalid after the stack is destroyed/rebuilt.&quot;, 'type': 'string'}, 'endSample': {'description': 'End sample for filtering results', 'type': 'integer'}, 'maxCount': {'default': 1000, 'description': 'Maximum number of annotations to return', 'type': 'integer'}, 'startSample': {'description': 'Start sample for filtering results', 'type': 'integer'}}, 'required': ['analyzerId'], 'type': 'object'}, 'name': 'get_analyzer_results'}, {'description': &quot;Get trigger configuration. Returns logic trigger config (stage_count + config_json) or DSO trigger config (source/slope/horiz_pos/holdoff/margin/channel) depending on 'mode' parameter or the active work mode.&quot;, 'inputSchema': {'properties': {'mode': {'description': &quot;Trigger config mode: 'logic' or 'dso'. If omitted, uses the active work mode.&quot;, 'enum': ['logic', 'dso'], 'type': 'string'}}, 'type': 'object'}, 'name': 'get_trigger_config'}, {'description': &quot;Set trigger configuration. Pass mode='logic' to set logic trigger (stage_count + optional config_json), or mode='dso' to set DSO trigger (source/slope/horiz_pos/holdoff/margin/channel).&quot;, 'inputSchema': {'properties': {'channel': {'description': &quot;DSO trigger channel index (mode='dso' only)&quot;, 'type': 'integer'}, 'configJson': {'description': &quot;Logic trigger configuration JSON (mode='logic' only)&quot;, 'type': 'string'}, 'holdoff': {'description': &quot;DSO trigger holdoff (mode='dso' only)&quot;, 'type': 'number'}, 'horizPos': {'description': &quot;DSO trigger horizontal position (mode='dso' only)&quot;, 'type': 'number'}, 'margin': {'description': &quot;DSO trigger margin (mode='dso' only)&quot;, 'type': 'number'}, 'mode': {'description': &quot;Trigger config mode: 'logic' or 'dso'&quot;, 'enum': ['logic', 'dso'], 'type': 'string'}, 'slope': {'description': &quot;DSO trigger slope (mode='dso' only). 0=Rising, 1=Falling&quot;, 'type': 'integer'}, 'source': {'description': &quot;DSO trigger source (mode='dso' only). 0=Auto, 1=Ch0, 2=Ch1, 3=Ch0AndCh1, 4=Ch0OrCh1&quot;, 'type': 'integer'}, 'stageCount': {'description': &quot;Logic trigger stage count (mode='logic' only)&quot;, 'type': 'integer'}}, 'required': ['mode'], 'type': 'object'}, 'name': 'set_trigger_config'}, {'description': 'Get probe configuration for a channel (vdiv/coupling/vfactor/map_default). Only meaningful for analog/DSO channels.', 'inputSchema': {'properties': {'channelIndex': {'description': 'Channel index', 'type': 'integer'}}, 'required': ['channelIndex'], 'type': 'object'}, 'name': 'get_probe_config'}, {'description': 'Set probe configuration for a channel. At least one of vdiv/coupling/vfactor/map_default should be provided; omitted fields retain current values where supported.', 'inputSchema': {'properties': {'channelIndex': {'description': 'Channel index', 'type': 'integer'}, 'coupling': {'description': 'Coupling: 0=AC, 1=DC', 'type': 'integer'}, 'mapDefault': {'description': 'Whether to use default probe mapping', 'type': 'boolean'}, 'vdiv': {'description': 'Volts per division', 'type': 'number'}, 'vfactor': {'description': 'Probe voltage factor (e.g. 1.0 for 1x, 10.0 for 10x)', 'type': 'number'}}, 'required': ['channelIndex'], 'type': 'object'}, 'name': 'set_probe_config'}, {'description': 'Enable or disable a channel by index.', 'inputSchema': {'properties': {'channelIndex': {'description': 'Channel index', 'type': 'integer'}, 'enabled': {'description': 'True to enable, false to disable', 'type': 'boolean'}}, 'required': ['channelIndex', 'enabled'], 'type': 'object'}, 'name': 'set_channel_enabled'}, {'description': 'Rename a channel by index.', 'inputSchema': {'properties': {'channelIndex': {'description': 'Channel index', 'type': 'integer'}, 'name': {'description': 'New channel name', 'type': 'string'}}, 'required': ['channelIndex', 'name'], 'type': 'object'}, 'name': 'set_channel_name'}, {'description': 'Get the full sample configuration (sample_rate, sample_limit, time_base, collect_mode, stream_mode, rle_enabled, repeat_interval, repeat_hold_percent).', 'inputSchema': {'properties': {}, 'type': 'object'}, 'name': 'get_sample_config'}, {'description': 'Set the sample rate in Hz.', 'inputSchema': {'properties': {'rate': {'description': 'Sample rate in Hz', 'type': 'integer'}}, 'required': ['rate'], 'type': 'object'}, 'name': 'set_sample_rate'}, {'description': 'Set the sample limit (number of samples to capture).', 'inputSchema': {'properties': {'limit': {'description': 'Sample limit (number of samples)', 'type': 'integer'}}, 'required': ['limit'], 'type': 'object'}, 'name': 'set_sample_limit'}, {'description': 'Set the time base in nanoseconds.', 'inputSchema': {'properties': {'timeBase': {'description': 'Time base in nanoseconds', 'type': 'integer'}}, 'required': ['timeBase'], 'type': 'object'}, 'name': 'set_time_base'}, {'description': &quot;Set the collect mode: 'single' (one-shot), 'repetitive' (repeat with interval), or 'loop' (continuous loop).&quot;, 'inputSchema': {'properties': {'mode': {'description': 'Collect mode', 'enum': ['single', 'repetitive', 'loop'], 'type': 'string'}}, 'required': ['mode'], 'type': 'object'}, 'name': 'set_collect_mode'}, {'description': &quot;Set the repeat interval in milliseconds. Only used when collect mode is 'repetitive'.&quot;, 'inputSchema': {'properties': {'intervalMs': {'description': 'Repeat interval in milliseconds', 'type': 'integer'}}, 'required': ['intervalMs'], 'type': 'object'}, 'name': 'set_repeat_interval'}, {'description': 'Read logic (digital) samples for a channel. Returns base64-encoded bytes (one byte per sample, 0 or 1). Use startSample/endSample to page through long captures.', 'inputSchema': {'properties': {'channelIndex': {'description': 'Digital channel index', 'type': 'integer'}, 'endSample': {'description': 'End sample index (inclusive). Omit or pass -1 for end-of-capture.', 'type': 'integer'}, 'startSample': {'default': 0, 'description': 'Start sample index (default 0)', 'type': 'integer'}}, 'required': ['channelIndex'], 'type': 'object'}, 'name': 'get_logic_samples'}, {'description': 'Read analog samples for a channel. Returns an array of float values normalized to [0, 1].', 'inputSchema': {'properties': {'channelIndex': {'description': 'Analog channel index', 'type': 'integer'}, 'endSample': {'description': 'End sample index (inclusive). Omit or pass -1 for end-of-capture.', 'type': 'integer'}, 'startSample': {'default': 0, 'description': 'Start sample index (default 0)', 'type': 'integer'}}, 'required': ['channelIndex'], 'type': 'object'}, 'name': 'get_analog_samples'}, {'description': 'Read DSO (oscilloscope) samples for a channel. Returns an array of float values (volts).', 'inputSchema': {'properties': {'channelIndex': {'description': 'DSO channel index', 'type': 'integer'}, 'endSample': {'description': 'End sample index (inclusive). Omit or pass -1 for end-of-capture.', 'type': 'integer'}, 'startSample': {'default': 0, 'description': 'Start sample index (default 0)', 'type': 'integer'}}, 'required': ['channelIndex'], 'type': 'object'}, 'name': 'get_dso_samples'}, {'description': 'Find the next logic edge on a channel starting from a sample index. Returns the sample index of the next rising or falling edge.', 'inputSchema': {'properties': {'channelIndex': {'description': 'Digital channel index', 'type': 'integer'}, 'direction': {'default': 'forward', 'description': &quot;Edge direction: 'forward' (rising) or 'falling'&quot;, 'enum': ['forward', 'falling'], 'type': 'string'}, 'startSample': {'description': 'Sample index to start searching from', 'type': 'integer'}}, 'required': ['channelIndex', 'startSample'], 'type': 'object'}, 'name': 'find_next_edge'}, {'description': &quot;Search for a bit pattern on a logic channel starting from a sample index. Pattern is a binary string of '0'/'1'/'x' (x=don't care). NOTE: current implementation only uses the first channel in the 'channels' array (multi-channel pattern search is a TODO).&quot;, 'inputSchema': {'properties': {'channels': {'description': 'Channel indices to search (currently only the first is used)', 'items': {'type': 'integer'}, 'type': 'array'}, 'options': {'description': 'Optional search options (reserved for future use)', 'type': 'object'}, 'pattern': {'description': &quot;Pattern string using '0', '1', 'x' (x=don't care)&quot;, 'type': 'string'}, 'startSample': {'description': 'Sample index to start searching from', 'type': 'integer'}}, 'required': ['channels', 'pattern', 'startSample'], 'type': 'object'}, 'name': 'find_pattern'}, {'description': 'List all currently active decoder instances (instance_id, decoder_id, display_name, row_index, is_running, progress).', 'inputSchema': {'properties': {}, 'type': 'object'}, 'name': 'get_active_decoders'}, {'description': 'Remove all active decoder instances.', 'inputSchema': {'properties': {}, 'type': 'object'}, 'name': 'clear_all_decoders'}, {'description': 'List all sessions (id + device/file summary). Use to manage multiple sessions.', 'inputSchema': {'properties': {}, 'type': 'object'}, 'name': 'list_sessions'}, {'description': 'Create a new session. Optionally bind to a device (deviceId) or load a file (filePath). Returns the new session id.', 'inputSchema': {'properties': {'deviceId': {'description': 'Optional device id to bind', 'type': 'string'}, 'filePath': {'description': 'Optional .pxc file path to load', 'type': 'string'}, 'name': {'description': 'Optional session name (display only)', 'type': 'string'}}, 'type': 'object'}, 'name': 'create_session'}, {'description': 'Destroy a session by id. If the session is active, the active session becomes none.', 'inputSchema': {'properties': {'sessionId': {'description': 'Session id returned by create_session / list_sessions', 'type': 'integer'}}, 'required': ['sessionId'], 'type': 'object'}, 'name': 'destroy_session'}, {'description': 'Switch the active session. Subsequent MCP calls operate on the active session.', 'inputSchema': {'properties': {'sessionId': {'description': 'Session id to make active', 'type': 'integer'}}, 'required': ['sessionId'], 'type': 'object'}, 'name': 'set_active_session'}, {'description': 'Return the current number of sessions.', 'inputSchema': {'properties': {}, 'type': 'object'}, 'name': 'get_session_count'}, {'description': 'Connect to a device by id (as returned by get_devices). Creates a new session bound to that device if no session exists.', 'inputSchema': {'properties': {'deviceId': {'description': 'Device id from get_devices', 'type': 'string'}}, 'required': ['deviceId'], 'type': 'object'}, 'name': 'connect_device'}, {'description': 'Disconnect the active device (or a specific device by id).', 'inputSchema': {'properties': {'deviceId': {'description': 'Device id to disconnect. If omitted, disconnects the active device.', 'type': 'string'}}, 'type': 'object'}, 'name': 'disconnect_device'}, {'description': &quot;Read a generic SR_CONF_* config value by key. The 'type' field selects how to interpret the value. NOTE: 'int64' currently maps to int32 (no int64 getter exists yet).&quot;, 'inputSchema': {'properties': {'key': {'description': 'SR_CONF_* config key', 'type': 'integer'}, 'type': {'description': 'Value type', 'enum': ['int', 'double', 'string', 'bool', 'int64', 'uint64'], 'type': 'string'}}, 'required': ['key', 'type'], 'type': 'object'}, 'name': 'get_config'}, {'description': &quot;Write a generic SR_CONF_* config value by key. The 'type' field selects how to interpret 'value'. NOTE: 'int64' currently maps to int32 (no int64 setter exists yet).&quot;, 'inputSchema': {'properties': {'key': {'description': 'SR_CONF_* config key', 'type': 'integer'}, 'type': {'description': 'Value type', 'enum': ['int', 'double', 'string', 'bool', 'int64', 'uint64'], 'type': 'string'}, 'value': {'description': &quot;Value to set (interpreted according to 'type')&quot;}}, 'required': ['key', 'type', 'value'], 'type': 'object'}, 'name': 'set_config'}, {'description': &quot;Enable glitch filter on channels with a minimum pulse-width threshold (in samples). Use 'channels' + 'threshold' (applies to all) or per-channel 'thresholds' + 'modes'.&quot;, 'inputSchema': {'properties': {'channels': {'description': 'Digital channel indices to filter', 'items': {'type': 'integer'}, 'type': 'array'}, 'modes': {'description': 'Per-channel filter modes: 0=Both, 1=High, 2=Low (parallel to channels)', 'items': {'type': 'integer'}, 'type': 'array'}, 'threshold': {'description': 'Minimum pulse width in samples (applied to all channels)', 'type': 'integer'}, 'thresholds': {'description': 'Per-channel thresholds (parallel to channels)', 'items': {'type': 'integer'}, 'type': 'array'}}, 'required': ['channels'], 'type': 'object'}, 'name': 'set_glitch_filter'}, {'description': &quot;Clear glitch filter. NOTE: currently clears all channels (the optional 'channels' parameter is ignored).&quot;, 'inputSchema': {'properties': {'channels': {'description': 'Optional channel indices (currently ignored \u2014 clears all)', 'items': {'type': 'integer'}, 'type': 'array'}}, 'type': 'object'}, 'name': 'clear_glitch_filter'}, {'description': 'Get current glitch filter configuration (channels, thresholds, modes).', 'inputSchema': {'properties': {}, 'type': 'object'}, 'name': 'get_glitch_filter_config'}, {'description': &quot;Enable signal invert on channels. 'channels' is the list of channel indices to invert.&quot;, 'inputSchema': {'properties': {'channels': {'description': 'Channel indices to invert', 'items': {'type': 'integer'}, 'type': 'array'}}, 'required': ['channels'], 'type': 'object'}, 'name': 'set_signal_invert'}, {'description': &quot;Clear signal invert. NOTE: currently clears all channels (the optional 'channels' parameter is ignored).&quot;, 'inputSchema': {'properties': {'channels': {'description': 'Optional channel indices (currently ignored \u2014 clears all)', 'items': {'type': 'integer'}, 'type': 'array'}}, 'type': 'object'}, 'name': 'clear_signal_invert'}, {'description': &quot;Get current signal invert configuration (channels + invert_states). NOTE: per-channel detail requires extending SigSession's public API \u2014 currently only the active state is reported.&quot;, 'inputSchema': {'properties': {}, 'type': 'object'}, 'name': 'get_signal_invert_config'}, {'description': 'Get repeat/collect mode status (is_single_mode, is_repeat_mode, is_loop_mode, repeat_interval, repeat_hold_percent).', 'inputSchema': {'properties': {}, 'type': 'object'}, 'name': 'get_repeat_status'}, {'description': &quot;Get disk cache info (enabled, write_speed_mbps, write_queue_depth, is_disk_full). NOTE: 'total_blocks_written' is a TODO \u2014 not yet exposed by SessionService.&quot;, 'inputSchema': {'properties': {}, 'type': 'object'}, 'name': 'get_disk_cache_info'}, {'description': 'Trigger a hot-plug rescan of all drivers and return the updated device list. Use this when a device was connected/disconnected after PXView started. Returns the same DeviceInfo array as get_devices.', 'inputSchema': {'properties': {}, 'type': 'object'}, 'name': 'refresh_device_list'}, {'description': 'Set the save range (in samples) used by export/save operations. startSample must be less than endSample. Both are absolute sample indices into the current capture.', 'inputSchema': {'properties': {'endSample': {'description': 'End sample index (inclusive)', 'type': 'integer'}, 'startSample': {'description': 'Start sample index (inclusive)', 'type': 'integer'}}, 'required': ['startSample', 'endSample'], 'type': 'object'}, 'name': 'set_save_range'}, {'description': &quot;Reconfigure an existing decoder's options and channel_map in place (no remove + re-add). Triggers a re-decode of the affected stack. Use the analyzerId returned by add_analyzer.&quot;, 'inputSchema': {'properties': {'analyzerId': {'description': &quot;Decoder instance identifier in the format '&lt;handle_id&gt;:&lt;version&gt;', returned by add_analyzer. Stable across the stack's lifetime; becomes invalid after the stack is destroyed/rebuilt.&quot;, 'type': 'string'}, 'channelMap': {'additionalProperties': {'type': 'integer'}, 'description': 'Channel mapping (decoder channel id -&gt; device channel index). Omitted keys retain their current mapping.', 'type': 'object'}, 'options': {'additionalProperties': {'type': 'string'}, 'description': 'Decoder option values (string -&gt; string). Omitted keys retain their current values.', 'type': 'object'}}, 'required': ['analyzerId'], 'type': 'object'}, 'name': 'reconfigure_decoder'}, {'description': &quot;Return the annotation class names declared by a decoder (the __annotations__ metadata). class_id is the index into the decoder's annotations list and matches the ann_class field of get_analyzer_results annotations. Use this to translate numeric ann_class values to human-readable names.&quot;, 'inputSchema': {'properties': {'analyzerName': {'description': &quot;Decoder id/name (e.g. 'spi', 'i2c', 'uart') \u2014 same as add_analyzer's analyzerName&quot;, 'type': 'string'}}, 'required': ['analyzerName'], 'type': 'object'}, 'name': 'get_decoder_class_names'}, {'description': &quot;Read a decoder's binary output stream. output_id selects which binary output class to read. NOTE: current implementation returns ConfigNotSupported because DecoderStack does not register binary output callbacks \u2014 this is a data-layer TODO.&quot;, 'inputSchema': {'properties': {'analyzerId': {'description': &quot;Decoder instance identifier in the format '&lt;handle_id&gt;:&lt;version&gt;', returned by add_analyzer.&quot;, 'type': 'string'}, 'outputId': {'description': 'Binary output class id (matches srd_decoder_binary::bin_class)', 'type': 'integer'}}, 'required': ['analyzerId', 'outputId'], 'type': 'object'}, 'name': 'get_decoder_binary_output'}, {'description': 'Read computed math trace results (ch1_index, ch2_index, math_type, sample_num, samples). math_type: 0=ADD, 1=SUB, 2=MUL, 3=DIV. Returns is_enabled=false when math trace has not been enabled. samples is empty when no data has been computed yet.', 'inputSchema': {'properties': {}, 'type': 'object'}, 'name': 'get_math_results'}, {'description': 'Read computed FFT spectrum results (channel_index, windows_index, dc_ignored, sample_interval, spectrum). Returns is_enabled=false when spectrum trace has not been enabled. spectrum is empty when no data has been computed yet.', 'inputSchema': {'properties': {}, 'type': 'object'}, 'name': 'get_spectrum_results'}, {'description': 'Read Lissajous trace configuration (x_index, y_index, percent). Returns is_enabled=false when Lissajous trace has not been enabled. Note: the actual XY sample rendering is a View-layer concern, so this returns only configuration, not rendered samples.', 'inputSchema': {'properties': {}, 'type': 'object'}, 'name': 'get_lissajous_results'}, {'description': 'Read the session error state (has_error, error_code, error_pattern, error_message). error_code mirrors SigSession::SESSION_ERROR_STATUS (0=No_err, 1=Hw_err, 2=Malloc_err, 3=Test_timeout_err, 4=Pkt_data_err, 5=Data_overflow). error_pattern is a bitmask of error conditions accumulated since last clear.', 'inputSchema': {'properties': {}, 'type': 'object'}, 'name': 'get_error_state'}, {'description': 'Clear the session error state (resets error_code to 0, error_pattern to 0, error_message to empty). Use after handling a previously reported error to allow subsequent captures to be checked cleanly.', 'inputSchema': {'properties': {}, 'type': 'object'}, 'name': 'clear_error_state'}] = &lt;mcp_client.McpClient object at 0x6fffff09f0e0&gt;.tools">suites/test_01_mcp_protocol.py:96: in test_total_tool_count
    assert len(mcp.tools) == 61, \
E   AssertionError: Expected 61 tools, got 63. New tools may have been added — update this test.
E   assert 63 == 61
E    +  where 63 = len([{'description': 'List connected devices. Call this first to discover available devices and their IDs before starting a capture.', 'inputSchema': {'properties': {'includeSimulationDevices': {'description': 'Whether to include simulation/demo devices', 'type': 'boolean'}}, 'type': 'object'}, 'name': 'get_devices'}, {'description': "Start a new capture. Typical workflow: 1) get_devices to find device ID, 2) add_analyzer to add decoders (recommended BEFORE capture so auto-decode works), 3) start_capture with device/channel config, 4) wait_capture to wait for completion, 5) get_analyzer_results to read decoded data. NOTE: In Stream mode (channelMode='Stream'), captureConfiguration.timedCaptureMode.durationSeconds and manualCaptureMode.sampleCount are IGNORED \u2014 stream mode uses continuous acquisition with no sample limit. Use stop_capture to end streaming.", 'inputSchema': {'properties': {'captureConfiguration': {'description': 'Capture mode configuration', 'properties': {'captureRatio': {'description': 'Trigger position as percentage (0-100). 0=trigger at start, 100=trigger at end. Alternative to afterTriggerSeconds.', 'type': 'integer'}, 'digitalCaptureMode': {'description': 'Digital trigger capture mode', 'properties': {'afterTriggerSeconds': {'description': 'Post-trigger buffer duration in seconds', 'type': 'number'}, 'linkedChannels': {'description': 'Additional channels with required state for trigger', 'items': {'properties': {'channelIndex': {'description': 'Digital channel index', 'type': 'integer'}, 'state': {'description': 'Required state: high or low', 'enum': ['high', 'low'], 'type': 'string'}}, 'type': 'object'}, 'type': 'array'}, 'maxPulseWidthSeconds': {'description': 'Maximum pulse width for pulse trigger in seconds', 'type': 'number'}, 'minPulseWidthSeconds': {'description': 'Minimum pulse width for pulse trigger in seconds', 'type': 'number'}, 'triggerChannelIndex': {'description': 'Digital channel index for trigger (must be enabled)', 'type': 'integer'}, 'triggerType': {'description': 'Trigger type: rising, falling, pulse_high, pulse_low', 'enum': ['rising', 'falling', 'pulse_high', 'pulse_low'], 'type': 'string'}}, 'type': 'object'}, 'manualCaptureMode': {'properties': {'sampleCount': {'description': 'Number of samples to capture (ignored in Stream mode)', 'type': 'integer'}}, 'type': 'object'}, 'repeatIntervalSeconds': {'description': 'Time between repeat captures in seconds. Only used with repeat capture mode. Default: 0.1', 'type': 'number'}, 'timedCaptureMode': {'properties': {'durationSeconds': {'description': 'Capture duration in seconds (ignored in Stream mode)', 'type': 'number'}}, 'type': 'object'}}, 'type': 'object'}, 'deviceId': {'description': 'Device ID to use for capture', 'type': 'string'}, 'logicDeviceConfiguration': {'description': 'Logic device configuration', 'properties': {'analogChannels': {'description': 'Analog channel indices to enable', 'items': {'type': 'integer'}, 'type': 'array'}, 'analogSampleRate': {'description': 'Analog sample rate in Hz', 'type': 'integer'}, 'bufferOptions': {'description': 'Buffer configuration options. Device-specific.', 'type': 'string'}, 'channelMode': {'description': 'Channel mode (e.g. Buffer, Stream). Device-specific.', 'type': 'string'}, 'digitalChannels': {'description': 'Digital channel indices to enable', 'items': {'type': 'integer'}, 'type': 'array'}, 'digitalFilter': {'description': 'Digital filter mode. Device-specific.', 'type': 'string'}, 'digitalSampleRate': {'description': 'Digital sample rate in Hz', 'type': 'integer'}, 'digitalThresholdVolts': {'description': 'Digital threshold voltage', 'type': 'number'}, 'diskCacheEnabled': {'description': 'Enable disk cache for long captures', 'type': 'boolean'}, 'diskCachePath': {'description': 'Custom disk cache directory path', 'type': 'string'}, 'glitchFilters': {'description': 'Glitch filter configurations', 'items': {'properties': {'channelIndex': {'description': 'Digital channel index to apply filter', 'type': 'integer'}, 'threshold': {'description': 'Minimum pulse width in samples to filter out', 'type': 'number'}}, 'type': 'object'}, 'type': 'array'}, 'operationMode': {'description': 'Device operation mode (e.g. Buffer, Stream, Internal test). Device-specific.', 'type': 'string'}, 'rleEnabled': {'description': 'Enable RLE (Run-Length Encoding) compression', 'type': 'boolean'}, 'streamBufferSizeGB': {'description': 'Disk stream buffer size in GB (1-1024). Used when diskCacheEnabled=true.', 'type': 'number'}, 'streamMemBufferSizeGB': {'description': 'Memory stream buffer size in GB (1-64). Used when diskCacheEnabled=false.', 'type': 'number'}, 'thresholdPreset': {'description': 'Threshold preset name (e.g. 1.8V, 3.3V, 5V, Adjustable). Some devices only support presets, not custom voltage.', 'type': 'string'}}, 'type': 'object'}}, 'type': 'object'}, 'name': 'start_capture'}, {'description': 'Stop the active capture. Use this to abort a capture that is in progress.', 'inputSchema': {'properties': {}, 'type': 'object'}, 'name': 'stop_capture'}, {'description': 'Wait for the current capture to complete. This call blocks until the capture finishes or times out. Call this after start_capture. May take minutes for long captures \u2014 set timeoutSeconds accordingly.', 'inputSchema': {'properties': {'timeoutSeconds': {'default': 300, 'description': 'Maximum time to wait in seconds', 'type': 'number'}}, 'type': 'object'}, 'name': 'wait_capture'}, {'description': 'Load a capture from a .pxc session file. Use this to analyze previously saved captures.', 'inputSchema': {'properties': {'filepath': {'description': 'Path to the capture file to load', 'type': 'string'}}, 'required': ['filepath'], 'type': 'object'}, 'name': 'load_capture'}, {'description': 'Save the current capture to a .pxc session file. Requires an active or completed capture.', 'inputSchema': {'properties': {'filepath': {'description': 'Path to save the capture file', 'type': 'string'}}, 'required': ['filepath'], 'type': 'object'}, 'name': 'save_capture'}, {'description': 'Close the current capture and free resources. Call this after you are done analyzing the data.', 'inputSchema': {'properties': {}, 'type': 'object'}, 'name': 'close_capture'}, {'description': "Add a protocol analyzer/decoder. Best called BEFORE start_capture so auto-decode triggers on capture completion. Use list_analyzers to discover available decoders, get_analyzer_options to see required channels/options. Use stackOnAnalyzerId to stack decoders (e.g. i2c_c -&gt; eeprom24c). Returns an analyzerId in the format '&lt;handle_id&gt;:&lt;version&gt;' that is stable across the stack's lifetime and used by get_analyzer_results / remove_analyzer / export_analyzer_table.", 'inputSchema': {'properties': {'analyzerLabel': {'description': 'Custom label for the analyzer instance', 'type': 'string'}, 'analyzerName': {'description': "Name/ID of the analyzer to add (e.g. 'spi', 'i2c', 'uart')", 'type': 'string'}, 'deviceId': {'description': "Optional device ID. If the active session has no device connected yet (typical in headless mode), pass this to connect the device before adding the analyzer. Same as start_capture's deviceId.", 'type': 'string'}, 'settings': {'description': 'Analyzer-specific settings (channel map, options, etc.)', 'type': 'object'}, 'stackOnAnalyzerId': {'description': "Decoder instance identifier in the format '&lt;handle_id&gt;:&lt;version&gt;', returned by add_analyzer. Stable across the stack's lifetime; becomes invalid after the stack is destroyed/rebuilt. ID of an existing analyzer to stack this decoder on top of (for stacked/hierarchical decoding)", 'type': 'string'}}, 'required': ['analyzerName'], 'type': 'object'}, 'name': 'add_analyzer'}, {'description': 'Remove a protocol analyzer. Use the analyzerId returned by add_analyzer.', 'inputSchema': {'properties': {'analyzerId': {'description': "Decoder instance identifier in the format '&lt;handle_id&gt;:&lt;version&gt;', returned by add_analyzer. Stable across the stack's lifetime; becomes invalid after the stack is destroyed/rebuilt.", 'type': 'string'}}, 'required': ['analyzerId'], 'type': 'object'}, 'name': 'remove_analyzer'}, {'description': 'List all available protocol analyzers/decoders. Returns analyzer ID, name, description, and channel counts. Use get_analyzer_options to get detailed option/channel info for a specific analyzer.', 'inputSchema': {'properties': {}, 'type': 'object'}, 'name': 'list_analyzers'}, {'description': 'Get the channel and option requirements for a protocol analyzer. Use this before add_analyzer to discover required/optional channels and configurable options.', 'inputSchema': {'properties': {'analyzerName': {'description': "Name/ID of the analyzer (e.g. 'spi', 'i2c', 'uart')", 'type': 'string'}}, 'required': ['analyzerName'], 'type': 'object'}, 'name': 'get_analyzer_options'}, {'description': 'Export raw capture data as CSV files. Requires a completed capture. Use after wait_capture.', 'inputSchema': {'properties': {'analogChannels': {'description': 'Analog channel indices to export', 'items': {'type': 'integer'}, 'type': 'array'}, 'analogDownsampleRatio': {'default': 1, 'description': 'Downsample ratio for analog channels', 'type': 'integer'}, 'digitalChannels': {'description': 'Digital channel indices to export', 'items': {'type': 'integer'}, 'type': 'array'}, 'directory': {'description': 'Output directory for CSV files', 'type': 'string'}, 'iso8601Timestamp': {'default': False, 'description': 'Use ISO 8601 timestamp format', 'type': 'boolean'}}, 'required': ['directory'], 'type': 'object'}, 'name': 'export_raw_data_csv'}, {'description': 'Export raw capture data as binary files. Requires a completed capture. Use after wait_capture.', 'inputSchema': {'properties': {'analogChannels': {'description': 'Analog channel indices to export', 'items': {'type': 'integer'}, 'type': 'array'}, 'analogDownsampleRatio': {'default': 1, 'description': 'Downsample ratio for analog channels', 'type': 'integer'}, 'digitalChannels': {'description': 'Digital channel indices to export', 'items': {'type': 'integer'}, 'type': 'array'}, 'directory': {'description': 'Output directory for binary files', 'type': 'string'}}, 'required': ['directory'], 'type': 'object'}, 'name': 'export_raw_data_binary'}, {'description': 'Export analyzer results as a CSV data table. Requires a completed capture with analyzer results. Use get_analyzer_results first to verify data exists.', 'inputSchema': {'properties': {'analyzers': {'description': 'Analyzers to export with their settings', 'items': {'properties': {'analyzerId': {'description': "Decoder instance identifier in the format '&lt;handle_id&gt;:&lt;version&gt;', returned by add_analyzer. Stable across the stack's lifetime; becomes invalid after the stack is destroyed/rebuilt.", 'type': 'string'}, 'radixType': {'description': 'Radix type: 1=Binary, 2=Decimal, 3=Hex, 4=Ascii', 'type': 'integer'}}, 'type': 'object'}, 'type': 'array'}, 'filepath': {'description': 'Output CSV file path', 'type': 'string'}, 'iso8601Timestamp': {'default': False, 'description': 'Use ISO 8601 timestamp format', 'type': 'boolean'}}, 'required': ['filepath'], 'type': 'object'}, 'name': 'export_data_table_csv'}, {'description': 'Get the current capture status and progress. Use this to check if capture is idle, capturing, or completed.', 'inputSchema': {'properties': {}, 'type': 'object'}, 'name': 'get_capture_status'}, {'description': 'Get the list of channels for the current device. Call this to discover available channel indices before configuring start_capture.', 'inputSchema': {'properties': {}, 'type': 'object'}, 'name': 'get_channels'}, {'description': 'Get protocol analyzer decoded annotations/results. Call after wait_capture completes and decoding finishes. Use the analyzerId returned by add_analyzer.', 'inputSchema': {'properties': {'analyzerId': {'description': "Decoder instance identifier in the format '&lt;handle_id&gt;:&lt;version&gt;', returned by add_analyzer. Stable across the stack's lifetime; becomes invalid after the stack is destroyed/rebuilt.", 'type': 'string'}, 'endSample': {'description': 'End sample for filtering results', 'type': 'integer'}, 'maxCount': {'default': 1000, 'description': 'Maximum number of annotations to return', 'type': 'integer'}, 'startSample': {'description': 'Start sample for filtering results', 'type': 'integer'}}, 'required': ['analyzerId'], 'type': 'object'}, 'name': 'get_analyzer_results'}, {'description': "Get trigger configuration. Returns logic trigger config (stage_count + config_json) or DSO trigger config (source/slope/horiz_pos/holdoff/margin/channel) depending on 'mode' parameter or the active work mode.", 'inputSchema': {'properties': {'mode': {'description': "Trigger config mode: 'logic' or 'dso'. If omitted, uses the active work mode.", 'enum': ['logic', 'dso'], 'type': 'string'}}, 'type': 'object'}, 'name': 'get_trigger_config'}, {'description': "Set trigger configuration. Pass mode='logic' to set logic trigger (stage_count + optional config_json), or mode='dso' to set DSO trigger (source/slope/horiz_pos/holdoff/margin/channel).", 'inputSchema': {'properties': {'channel': {'description': "DSO trigger channel index (mode='dso' only)", 'type': 'integer'}, 'configJson': {'description': "Logic trigger configuration JSON (mode='logic' only)", 'type': 'string'}, 'holdoff': {'description': "DSO trigger holdoff (mode='dso' only)", 'type': 'number'}, 'horizPos': {'description': "DSO trigger horizontal position (mode='dso' only)", 'type': 'number'}, 'margin': {'description': "DSO trigger margin (mode='dso' only)", 'type': 'number'}, 'mode': {'description': "Trigger config mode: 'logic' or 'dso'", 'enum': ['logic', 'dso'], 'type': 'string'}, 'slope': {'description': "DSO trigger slope (mode='dso' only). 0=Rising, 1=Falling", 'type': 'integer'}, 'source': {'description': "DSO trigger source (mode='dso' only). 0=Auto, 1=Ch0, 2=Ch1, 3=Ch0AndCh1, 4=Ch0OrCh1", 'type': 'integer'}, 'stageCount': {'description': "Logic trigger stage count (mode='logic' only)", 'type': 'integer'}}, 'required': ['mode'], 'type': 'object'}, 'name': 'set_trigger_config'}, {'description': 'Get probe configuration for a channel (vdiv/coupling/vfactor/map_default). Only meaningful for analog/DSO channels.', 'inputSchema': {'properties': {'channelIndex': {'description': 'Channel index', 'type': 'integer'}}, 'required': ['channelIndex'], 'type': 'object'}, 'name': 'get_probe_config'}, {'description': 'Set probe configuration for a channel. At least one of vdiv/coupling/vfactor/map_default should be provided; omitted fields retain current values where supported.', 'inputSchema': {'properties': {'channelIndex': {'description': 'Channel index', 'type': 'integer'}, 'coupling': {'description': 'Coupling: 0=AC, 1=DC', 'type': 'integer'}, 'mapDefault': {'description': 'Whet
[...]
s': {'type': 'integer'}, 'type': 'array'}}, 'required': ['channels'], 'type': 'object'}, 'name': 'set_signal_invert'}, {'description': "Clear signal invert. NOTE: currently clears all channels (the optional 'channels' parameter is ignored).", 'inputSchema': {'properties': {'channels': {'description': 'Optional channel indices (currently ignored \u2014 clears all)', 'items': {'type': 'integer'}, 'type': 'array'}}, 'type': 'object'}, 'name': 'clear_signal_invert'}, {'description': "Get current signal invert configuration (channels + invert_states). NOTE: per-channel detail requires extending SigSession's public API \u2014 currently only the active state is reported.", 'inputSchema': {'properties': {}, 'type': 'object'}, 'name': 'get_signal_invert_config'}, {'description': 'Get repeat/collect mode status (is_single_mode, is_repeat_mode, is_loop_mode, repeat_interval, repeat_hold_percent).', 'inputSchema': {'properties': {}, 'type': 'object'}, 'name': 'get_repeat_status'}, {'description': "Get disk cache info (enabled, write_speed_mbps, write_queue_depth, is_disk_full). NOTE: 'total_blocks_written' is a TODO \u2014 not yet exposed by SessionService.", 'inputSchema': {'properties': {}, 'type': 'object'}, 'name': 'get_disk_cache_info'}, {'description': 'Trigger a hot-plug rescan of all drivers and return the updated device list. Use this when a device was connected/disconnected after PXView started. Returns the same DeviceInfo array as get_devices.', 'inputSchema': {'properties': {}, 'type': 'object'}, 'name': 'refresh_device_list'}, {'description': 'Set the save range (in samples) used by export/save operations. startSample must be less than endSample. Both are absolute sample indices into the current capture.', 'inputSchema': {'properties': {'endSample': {'description': 'End sample index (inclusive)', 'type': 'integer'}, 'startSample': {'description': 'Start sample index (inclusive)', 'type': 'integer'}}, 'required': ['startSample', 'endSample'], 'type': 'object'}, 'name': 'set_save_range'}, {'description': "Reconfigure an existing decoder's options and channel_map in place (no remove + re-add). Triggers a re-decode of the affected stack. Use the analyzerId returned by add_analyzer.", 'inputSchema': {'properties': {'analyzerId': {'description': "Decoder instance identifier in the format '&lt;handle_id&gt;:&lt;version&gt;', returned by add_analyzer. Stable across the stack's lifetime; becomes invalid after the stack is destroyed/rebuilt.", 'type': 'string'}, 'channelMap': {'additionalProperties': {'type': 'integer'}, 'description': 'Channel mapping (decoder channel id -&gt; device channel index). Omitted keys retain their current mapping.', 'type': 'object'}, 'options': {'additionalProperties': {'type': 'string'}, 'description': 'Decoder option values (string -&gt; string). Omitted keys retain their current values.', 'type': 'object'}}, 'required': ['analyzerId'], 'type': 'object'}, 'name': 'reconfigure_decoder'}, {'description': "Return the annotation class names declared by a decoder (the __annotations__ metadata). class_id is the index into the decoder's annotations list and matches the ann_class field of get_analyzer_results annotations. Use this to translate numeric ann_class values to human-readable names.", 'inputSchema': {'properties': {'analyzerName': {'description': "Decoder id/name (e.g. 'spi', 'i2c', 'uart') \u2014 same as add_analyzer's analyzerName", 'type': 'string'}}, 'required': ['analyzerName'], 'type': 'object'}, 'name': 'get_decoder_class_names'}, {'description': "Read a decoder's binary output stream. output_id selects which binary output class to read. NOTE: current implementation returns ConfigNotSupported because DecoderStack does not register binary output callbacks \u2014 this is a data-layer TODO.", 'inputSchema': {'properties': {'analyzerId': {'description': "Decoder instance identifier in the format '&lt;handle_id&gt;:&lt;version&gt;', returned by add_analyzer.", 'type': 'string'}, 'outputId': {'description': 'Binary output class id (matches srd_decoder_binary::bin_class)', 'type': 'integer'}}, 'required': ['analyzerId', 'outputId'], 'type': 'object'}, 'name': 'get_decoder_binary_output'}, {'description': 'Read computed math trace results (ch1_index, ch2_index, math_type, sample_num, samples). math_type: 0=ADD, 1=SUB, 2=MUL, 3=DIV. Returns is_enabled=false when math trace has not been enabled. samples is empty when no data has been computed yet.', 'inputSchema': {'properties': {}, 'type': 'object'}, 'name': 'get_math_results'}, {'description': 'Read computed FFT spectrum results (channel_index, windows_index, dc_ignored, sample_interval, spectrum). Returns is_enabled=false when spectrum trace has not been enabled. spectrum is empty when no data has been computed yet.', 'inputSchema': {'properties': {}, 'type': 'object'}, 'name': 'get_spectrum_results'}, {'description': 'Read Lissajous trace configuration (x_index, y_index, percent). Returns is_enabled=false when Lissajous trace has not been enabled. Note: the actual XY sample rendering is a View-layer concern, so this returns only configuration, not rendered samples.', 'inputSchema': {'properties': {}, 'type': 'object'}, 'name': 'get_lissajous_results'}, {'description': 'Read the session error state (has_error, error_code, error_pattern, error_message). error_code mirrors SigSession::SESSION_ERROR_STATUS (0=No_err, 1=Hw_err, 2=Malloc_err, 3=Test_timeout_err, 4=Pkt_data_err, 5=Data_overflow). error_pattern is a bitmask of error conditions accumulated since last clear.', 'inputSchema': {'properties': {}, 'type': 'object'}, 'name': 'get_error_state'}, {'description': 'Clear the session error state (resets error_code to 0, error_pattern to 0, error_message to empty). Use after handling a previously reported error to allow subsequent captures to be checked cleanly.', 'inputSchema': {'properties': {}, 'type': 'object'}, 'name': 'clear_error_state'}] = &lt;mcp_client.McpClient object at 0x6fffff09f0e0&gt;.tools</failure></testcase><testcase classname="suites.test_02_device_management.TestDeviceManagement" name="test_get_devices_returns_list" time="0.003" /><testcase classname="suites.test_02_device_management.TestDeviceManagement" name="test_get_devices_contains_demo" time="0.002" /><testcase classname="suites.test_02_device_management.TestDeviceManagement" name="test_get_devices_schema" time="0.002" /><testcase classname="suites.test_02_device_management.TestDeviceManagement" name="test_get_devices_include_simulation" time="0.002" /><testcase classname="suites.test_02_device_management.TestDeviceManagement" name="test_get_devices_has_active_flag" time="0.002" /><testcase classname="suites.test_02_device_management.TestDeviceManagement" name="test_get_channels" time="0.207" /><testcase classname="suites.test_02_device_management.TestDeviceManagement" name="test_get_channels_has_logic_channels" time="0.002" /><testcase classname="suites.test_02_device_management.TestDeviceManagement" name="test_connect_device" time="0.002" /><testcase classname="suites.test_02_device_management.TestDeviceManagement" name="test_connect_invalid_device" time="12.246" /><testcase classname="suites.test_02_device_management.TestDeviceManagement" name="test_disconnect_device" time="14.238"><failure message="mcp_client.McpConnectionError: Cannot connect to MCP server at http://127.0.0.1:10110/mcp: &lt;urlopen error [Errno 111] Connection refused&gt;">suites/test_02_device_management.py:78: in test_disconnect_device
    mcp.connect_device(device_id)
mcp_client.py:586: in connect_device
    return self._call_tool("connect_device", {
mcp_client.py:122: in _call_tool
    resp = self._call_method("tools/call", params, timeout=timeout)
           ^^^^^^^^^^^^^^^^^^^^^^^^^^^^^^^^^^^^^^^^^^^^^^^^^^^^^^^^
mcp_client.py:111: in _call_method
    return self._post(body, timeout=timeout)
           ^^^^^^^^^^^^^^^^^^^^^^^^^^^^^^^^^
mcp_client.py:100: in _post
    raise McpConnectionError(
E   mcp_client.McpConnectionError: Cannot connect to MCP server at http://127.0.0.1:10110/mcp: &lt;urlopen error [Errno 111] Connection refused&gt;</failure></testcase><testcase classname="suites.test_02_device_management.TestDeviceManagement" name="test_refresh_device_list" time="14.256"><failure message="mcp_client.McpConnectionError: Cannot connect to MCP server at http://127.0.0.1:10110/mcp: &lt;urlopen error [Errno 111] Connection refused&gt;">suites/test_02_device_management.py:86: in test_refresh_device_list
    devices = mcp.refresh_device_list()
              ^^^^^^^^^^^^^^^^^^^^^^^^^
mcp_client.py:686: in refresh_device_list
    return self._call_tool("refresh_device_list", {}, timeout=timeout)
           ^^^^^^^^^^^^^^^^^^^^^^^^^^^^^^^^^^^^^^^^^^^^^^^^^^^^^^^^^^^
mcp_client.py:122: in _call_tool
    resp = self._call_method("tools/call", params, timeout=timeout)
           ^^^^^^^^^^^^^^^^^^^^^^^^^^^^^^^^^^^^^^^^^^^^^^^^^^^^^^^^
mcp_client.py:111: in _call_method
    return self._post(body, timeout=timeout)
           ^^^^^^^^^^^^^^^^^^^^^^^^^^^^^^^^^
mcp_client.py:100: in _post
    raise McpConnectionError(
E   mcp_client.McpConnectionError: Cannot connect to MCP server at http://127.0.0.1:10110/mcp: &lt;urlopen error [Errno 111] Connection refused&gt;</failure></testcase><testcase classname="suites.test_03_capture_basic.TestCaptureBasic" name="test_start_capture_minimal" time="71.183"><failure message="mcp_client.McpConnectionError: Cannot connect to MCP server at http://127.0.0.1:10110/mcp: &lt;urlopen error [Errno 111] Connection refused&gt;">suites/test_03_capture_basic.py:24: in test_start_capture_minimal
    result = mcp.start_capture(device_id)
             ^^^^^^^^^^^^^^^^^^^^^^^^^^^^
mcp_client.py:240: in start_capture
    return self._call_tool("start_capture", args, timeout=timeout)
           ^^^^^^^^^^^^^^^^^^^^^^^^^^^^^^^^^^^^^^^^^^^^^^^^^^^^^^^
mcp_client.py:122: in _call_tool
    resp = self._call_method("tools/call", params, timeout=timeout)
           ^^^^^^^^^^^^^^^^^^^^^^^^^^^^^^^^^^^^^^^^^^^^^^^^^^^^^^^^
mcp_client.py:111: in _call_method
    return self._post(body, timeout=timeout)
           ^^^^^^^^^^^^^^^^^^^^^^^^^^^^^^^^^
mcp_client.py:100: in _post
    raise McpConnectionError(
E   mcp_client.McpConnectionError: Cannot connect to MCP server at http://127.0.0.1:10110/mcp: &lt;urlopen error [Errno 111] Connection refused&gt;</failure></testcase><testcase classname="suites.test_03_capture_basic.TestCaptureBasic" name="test_start_capture_logic_config" time="71.179"><failure message="mcp_client.McpConnectionError: Cannot connect to MCP server at http://127.0.0.1:10110/mcp: &lt;urlopen error [Errno 111] Connection refused&gt;">suites/test_03_capture_basic.py:35: in test_start_capture_logic_config
    mcp.start_capture(device_id, {
mcp_client.py:240: in start_capture
    return self._call_tool("start_capture", args, timeout=timeout)
           ^^^^^^^^^^^^^^^^^^^^^^^^^^^^^^^^^^^^^^^^^^^^^^^^^^^^^^^
mcp_client.py:122: in _call_tool
    resp = self._call_method("tools/call", params, timeout=timeout)
           ^^^^^^^^^^^^^^^^^^^^^^^^^^^^^^^^^^^^^^^^^^^^^^^^^^^^^^^^
mcp_client.py:111: in _call_method
    return self._post(body, timeout=timeout)
           ^^^^^^^^^^^^^^^^^^^^^^^^^^^^^^^^^
mcp_client.py:100: in _post
    raise McpConnectionError(
E   mcp_client.McpConnectionError: Cannot connect to MCP server at http://127.0.0.1:10110/mcp: &lt;urlopen error [Errno 111] Connection refused&gt;</failure></testcase><testcase classname="suites.test_03_capture_basic.TestCaptureBasic" name="test_start_capture_manual_mode" time="71.182"><failure message="mcp_client.McpConnectionError: Cannot connect to MCP server at http://127.0.0.1:10110/mcp: &lt;urlopen error [Errno 111] Connection refused&gt;">suites/test_03_capture_basic.py:45: in test_start_capture_manual_mode
    status = do_manual_capture(mcp, device_id,
helpers/capture_helper.py:55: in do_manual_capture
    mcp.start_capture(device_id, logic_config, capture_config)
mcp_client.py:240: in start_capture
    return self._call_tool("start_capture", args, timeout=timeout)
           ^^^^^^^^^^^^^^^^^^^^^^^^^^^^^^^^^^^^^^^^^^^^^^^^^^^^^^^
mcp_client.py:122: in _call_tool
    resp = self._call_method("tools/call", params, timeout=timeout)
           ^^^^^^^^^^^^^^^^^^^^^^^^^^^^^^^^^^^^^^^^^^^^^^^^^^^^^^^^
mcp_client.py:111: in _call_method
    return self._post(body, timeout=timeout)
           ^^^^^^^^^^^^^^^^^^^^^^^^^^^^^^^^^
mcp_client.py:100: in _post
    raise McpConnectionError(
E   mcp_client.McpConnectionError: Cannot connect to MCP server at http://127.0.0.1:10110/mcp: &lt;urlopen error [Errno 111] Connection refused&gt;</failure></testcase><testcase classname="suites.test_03_capture_basic.TestCaptureBasic" name="test_start_capture_timed_mode" time="71.159"><failure message="mcp_client.McpConnectionError: Cannot connect to MCP server at http://127.0.0.1:10110/mcp: &lt;urlopen error [Errno 111] Connection refused&gt;">suites/test_03_capture_basic.py:54: in test_start_capture_timed_mode
    status = do_timed_capture(mcp, device_id,
helpers/capture_helper.py:34: in do_timed_capture
    mcp.start_capture(device_id, logic_config, capture_config)
mcp_client.py:240: in start_capture
    return self._call_tool("start_capture", args, timeout=timeout)
           ^^^^^^^^^^^^^^^^^^^^^^^^^^^^^^^^^^^^^^^^^^^^^^^^^^^^^^^
mcp_client.py:122: in _call_tool
    resp = self._call_method("tools/call", params, timeout=timeout)
           ^^^^^^^^^^^^^^^^^^^^^^^^^^^^^^^^^^^^^^^^^^^^^^^^^^^^^^^^
mcp_client.py:111: in _call_method
    return self._post(body, timeout=timeout)
           ^^^^^^^^^^^^^^^^^^^^^^^^^^^^^^^^^
mcp_client.py:100: in _post
    raise McpConnectionError(
E   mcp_client.McpConnectionError: Cannot connect to MCP server at http://127.0.0.1:10110/mcp: &lt;urlopen error [Errno 111] Connection refused&gt;</failure></testcase><testcase classname="suites.test_03_capture_basic.TestCaptureBasic" name="test_get_capture_status_idle" time="71.007"><failure message="mcp_client.McpConnectionError: Cannot connect to MCP server at http://127.0.0.1:10110/mcp: &lt;urlopen error [Errno 111] Connection refused&gt;">suites/test_03_capture_basic.py:62: in test_get_capture_status_idle
    status = mcp.get_capture_status()
             ^^^^^^^^^^^^^^^^^^^^^^^^
mcp_client.py:255: in get_capture_status
    return self._call_tool("get_capture_status", {}, timeout=timeout)
           ^^^^^^^^^^^^^^^^^^^^^^^^^^^^^^^^^^^^^^^^^^^^^^^^^^^^^^^^^^
mcp_client.py:122: in _call_tool
    resp = self._call_method("tools/call", params, timeout=timeout)
           ^^^^^^^^^^^^^^^^^^^^^^^^^^^^^^^^^^^^^^^^^^^^^^^^^^^^^^^^
mcp_client.py:111: in _call_method
    return self._post(body, timeout=timeout)
           ^^^^^^^^^^^^^^^^^^^^^^^^^^^^^^^^^
mcp_client.py:100: in _post
    raise McpConnectionError(
E   mcp_client.McpConnectionError: Cannot connect to MCP server at http://127.0.0.1:10110/mcp: &lt;urlopen error [Errno 111] Connection refused&gt;</failure></testcase><testcase classname="pytest" name="internal" time="0.000"><error message="internal error">Traceback (most recent call last):
  File "/usr/lib/python3.12/site-packages/_pytest/main.py", line 330, in wrap_session
    session.exitstatus = doit(config, session) or 0
                         ^^^^^^^^^^^^^^^^^^^^^
  File "/usr/lib/python3.12/site-packages/_pytest/main.py", line 384, in _main
    config.hook.pytest_runtestloop(session=session)
  File "/usr/lib/python3.12/site-packages/pluggy/_hooks.py", line 512, in __call__
    return self._hookexec(self.name, self._hookimpls.copy(), kwargs, firstresult)
           ^^^^^^^^^^^^^^^^^^^^^^^^^^^^^^^^^^^^^^^^^^^^^^^^^^^^^^^^^^^^^^^^^^^^^^
  File "/usr/lib/python3.12/site-packages/pluggy/_manager.py", line 120, in _hookexec
    return self._inner_hookexec(hook_name, methods, kwargs, firstresult)
           ^^^^^^^^^^^^^^^^^^^^^^^^^^^^^^^^^^^^^^^^^^^^^^^^^^^^^^^^^^^^^
  File "/usr/lib/python3.12/site-packages/pluggy/_callers.py", line 167, in _multicall
    raise exception
  File "/usr/lib/python3.12/site-packages/pluggy/_callers.py", line 139, in _multicall
    teardown.throw(exception)
  File "/usr/lib/python3.12/site-packages/_pytest/logging.py", line 816, in pytest_runtestloop
    return (yield)  # Run all the tests.
            ^^^^^
  File "/usr/lib/python3.12/site-packages/pluggy/_callers.py", line 139, in _multicall
    teardown.throw(exception)
  File "/usr/lib/python3.12/site-packages/_pytest/terminal.py", line 708, in pytest_runtestloop
    result = yield
             ^^^^^
  File "/usr/lib/python3.12/site-packages/pluggy/_callers.py", line 121, in _multicall
    res = hook_impl.function(*args)
          ^^^^^^^^^^^^^^^^^^^^^^^^^
  File "/usr/lib/python3.12/site-packages/_pytest/main.py", line 408, in pytest_runtestloop
    item.config.hook.pytest_runtest_protocol(item=item, nextitem=nextitem)
  File "/usr/lib/python3.12/site-packages/pluggy/_hooks.py", line 512, in __call__
    return self._hookexec(self.name, self._hookimpls.copy(), kwargs, firstresult)
           ^^^^^^^^^^^^^^^^^^^^^^^^^^^^^^^^^^^^^^^^^^^^^^^^^^^^^^^^^^^^^^^^^^^^^^
  File "/usr/lib/python3.12/site-packages/pluggy/_manager.py", line 120, in _hookexec
    return self._inner_hookexec(hook_name, methods, kwargs, firstresult)
           ^^^^^^^^^^^^^^^^^^^^^^^^^^^^^^^^^^^^^^^^^^^^^^^^^^^^^^^^^^^^^
  File "/usr/lib/python3.12/site-packages/pluggy/_callers.py", line 167, in _multicall
    raise exception
  File "/usr/lib/python3.12/site-packages/pluggy/_callers.py", line 139, in _multicall
    teardown.throw(exception)
  File "/usr/lib/python3.12/site-packages/_pytest/warnings.py", line 90, in pytest_runtest_protocol
    return (yield)
            ^^^^^
  File "/usr/lib/python3.12/site-packages/pluggy/_callers.py", line 139, in _multicall
    teardown.throw(exception)
  File "/usr/lib/python3.12/site-packages/_pytest/assertion/__init__.py", line 205, in pytest_runtest_protocol
    return (yield)
            ^^^^^
  File "/usr/lib/python3.12/site-packages/pluggy/_callers.py", line 139, in _multicall
    teardown.throw(exception)
  File "/usr/lib/python3.12/site-packages/_pytest/unittest.py", line 612, in pytest_runtest_protocol
    return (yield)
            ^^^^^
  File "/usr/lib/python3.12/site-packages/pluggy/_callers.py", line 139, in _multicall
    teardown.throw(exception)
  File "/usr/lib/python3.12/site-packages/_pytest/faulthandler.py", line 102, in pytest_runtest_protocol
    return (yield)
            ^^^^^
  File "/usr/lib/python3.12/site-packages/pluggy/_callers.py", line 121, in _multicall
    res = hook_impl.function(*args)
          ^^^^^^^^^^^^^^^^^^^^^^^^^
  File "/usr/lib/python3.12/site-packages/_pytest/runner.py", line 117, in pytest_runtest_protocol
    ihook.pytest_runtest_logstart(nodeid=item.nodeid, location=item.location)
  File "/usr/lib/python3.12/site-packages/pluggy/_hooks.py", line 512, in __call__
    return self._hookexec(self.name, self._hookimpls.copy(), kwargs, firstresult)
           ^^^^^^^^^^^^^^^^^^^^^^^^^^^^^^^^^^^^^^^^^^^^^^^^^^^^^^^^^^^^^^^^^^^^^^
  File "/usr/lib/python3.12/site-packages/pluggy/_manager.py", line 120, in _hookexec
    return self._inner_hookexec(hook_name, methods, kwargs, firstresult)
           ^^^^^^^^^^^^^^^^^^^^^^^^^^^^^^^^^^^^^^^^^^^^^^^^^^^^^^^^^^^^^
  File "/usr/lib/python3.12/site-packages/pluggy/_callers.py", line 167, in _multicall
    raise exception
  File "/usr/lib/python3.12/site-packages/pluggy/_callers.py", line 121, in _multicall
    res = hook_impl.function(*args)
          ^^^^^^^^^^^^^^^^^^^^^^^^^
  File "/usr/lib/python3.12/site-packages/_pytest/terminal.py", line 620, in pytest_runtest_logstart
    self.flush()
  File "/usr/lib/python3.12/site-packages/_pytest/terminal.py", line 532, in flush
    self._tw.flush()
  File "/usr/lib/python3.12/site-packages/_pytest/_io/terminalwriter.py", line 187, in flush
    self._file.flush()
BrokenPipeError: [Errno 32] Broken pipe</error></testcase></testsuite></testsuites>